   0  $accept : final $end

   1  final : program

   2  program : program_body main

   3  program_body : program_body variable
   4               | program_body function
   5               |

   6  function : typed_function
   7           | void_function

   8  function_invocation : ID '(' listOfExpressions ')'
   9                      | ID '(' ')'

  10  typed_function : built_in_type ID '(' listOfParameters ')' '{' function_body '}'
  11                 | built_in_type ID '(' ')' '{' function_body '}'

  12  void_function : VOID ID '(' listOfParameters ')' '{' function_body '}'
  13                | VOID ID '(' ')' '{' function_body '}'

  14  main : VOID MAIN '(' ')' '{' function_body '}'

  15  function_body : listOfVariables listOfStatements

  16  listOfStatements : listOfStatements statement
  17                   |

  18  listOfParameters : listOfParameters ',' parameter
  19                   | parameter

  20  parameter : built_in_type ID
  21            | struct ID
  22            | array_creation ID

  23  statement : expression ';'
  24            | read ';'
  25            | increment ';'
  26            | write ';'
  27            | if_else
  28            | while
  29            | for
  30            | switch
  31            | do_while
  32            | return ';'

  33  expression : expression '+' expression
  34             | expression '*' expression
  35             | expression '/' expression
  36             | expression '-' expression
  37             | expression '%' expression
  38             | assignment
  39             | ternary
  40             | expression POTENTIAL expression
  41             | expression DOUBLEEQUALS expression
  42             | expression '>' expression
  43             | expression GEQ expression
  44             | expression '<' expression
  45             | expression LEQ expression
  46             | expression DIFFERENT expression
  47             | expression AND expression
  48             | expression OR expression
  49             | '-' expression
  50             | '!' expression
  51             | function_invocation
  52             | '(' expression ')'
  53             | expression '.' expression
  54             | cast
  55             | array
  56             | INT_CONSTANT
  57             | REAL_CONSTANT
  58             | CHAR_CONSTANT
  59             | ID

  60  increment :
  61            | expression INC
  62            | expression DEC
  63            | expression PLUSEQUALS expression
  64            | expression MINUSEQUALS expression
  65            | expression TIMESEQUALS expression
  66            | expression DIVIDEEQUALS expression

  67  if_else : IF '(' expression ')' body ELSE body
  68          | IF '(' expression ')' body

  69  ternary : expression '?' expression ':' expression

  70  body : '{' listOfStatements '}'
  71       | statement

  72  while : WHILE '(' expression ')' body

  73  do_while : DO body WHILE '(' expression ')'

  74  for : FOR '(' statement expression ';' increment ')' body

  75  switch : SWITCH '(' expression ')' '{' switch_body '}'

  76  switch_body : listOfCases
  77              | listOfCases default_case

  78  default_case : DEFAULT ':' listOfStatements break
  79               | DEFAULT ':' listOfStatements

  80  listOfCases : listOfCases case
  81              | case

  82  case : CASE expression ':' listOfStatements break
  83       | CASE expression ':' listOfStatements

  84  break : BREAK ';'

  85  cast : '(' built_in_type ')' expression

  86  listOfExpressions : listOfExpressions ',' expression
  87                    | expression

  88  listOfIds : listOfIds ',' ID
  89            | ID

  90  built_in_type : CHAR
  91                | INT
  92                | DOUBLE

  93  array : expression '[' expression ']'

  94  array_creation : array_creation '[' INT_CONSTANT ']'
  95                 | built_in_type '[' INT_CONSTANT ']'
  96                 | struct '[' INT_CONSTANT ']'

  97  variable : built_in_type listOfIds ';'
  98           | array_creation listOfIds ';'
  99           | struct listOfIds ';'

 100  listOfVariables : listOfVariables variable
 101                  |

 102  assignment : expression '=' expression

 103  read : READ listOfExpressions

 104  write : WRITE listOfExpressions

 105  struct : STRUCT '{' listOfVariables '}'

 106  return : RETURN expression

state 0
	$accept : . final $end  (0)
	program_body : .  (5)

	.  reduce 5

	final  goto 1
	program  goto 2
	program_body  goto 3


state 1
	$accept : final . $end  (0)

	$end  accept


state 2
	final : program .  (1)

	.  reduce 1


state 3
	program : program_body . main  (2)
	program_body : program_body . variable  (3)
	program_body : program_body . function  (4)

	VOID  shift 4
	CHAR  shift 5
	DOUBLE  shift 6
	INT  shift 7
	STRUCT  shift 8
	.  error

	main  goto 9
	variable  goto 10
	function  goto 11
	typed_function  goto 12
	void_function  goto 13
	built_in_type  goto 14
	struct  goto 15
	array_creation  goto 16


state 4
	void_function : VOID . ID '(' listOfParameters ')' '{' function_body '}'  (12)
	void_function : VOID . ID '(' ')' '{' function_body '}'  (13)
	main : VOID . MAIN '(' ')' '{' function_body '}'  (14)

	ID  shift 17
	MAIN  shift 18
	.  error


state 5
	built_in_type : CHAR .  (90)

	.  reduce 90


state 6
	built_in_type : DOUBLE .  (92)

	.  reduce 92


state 7
	built_in_type : INT .  (91)

	.  reduce 91


state 8
	struct : STRUCT . '{' listOfVariables '}'  (105)

	'{'  shift 19
	.  error


state 9
	program : program_body main .  (2)

	.  reduce 2


state 10
	program_body : program_body variable .  (3)

	.  reduce 3


state 11
	program_body : program_body function .  (4)

	.  reduce 4


state 12
	function : typed_function .  (6)

	.  reduce 6


state 13
	function : void_function .  (7)

	.  reduce 7


state 14
	typed_function : built_in_type . ID '(' listOfParameters ')' '{' function_body '}'  (10)
	typed_function : built_in_type . ID '(' ')' '{' function_body '}'  (11)
	array_creation : built_in_type . '[' INT_CONSTANT ']'  (95)
	variable : built_in_type . listOfIds ';'  (97)

	ID  shift 20
	'['  shift 21
	.  error

	listOfIds  goto 22


state 15
	array_creation : struct . '[' INT_CONSTANT ']'  (96)
	variable : struct . listOfIds ';'  (99)

	ID  shift 23
	'['  shift 24
	.  error

	listOfIds  goto 25


state 16
	array_creation : array_creation . '[' INT_CONSTANT ']'  (94)
	variable : array_creation . listOfIds ';'  (98)

	ID  shift 23
	'['  shift 26
	.  error

	listOfIds  goto 27


state 17
	void_function : VOID ID . '(' listOfParameters ')' '{' function_body '}'  (12)
	void_function : VOID ID . '(' ')' '{' function_body '}'  (13)

	'('  shift 28
	.  error


state 18
	main : VOID MAIN . '(' ')' '{' function_body '}'  (14)

	'('  shift 29
	.  error


state 19
	struct : STRUCT '{' . listOfVariables '}'  (105)
	listOfVariables : .  (101)

	.  reduce 101

	listOfVariables  goto 30


state 20
	typed_function : built_in_type ID . '(' listOfParameters ')' '{' function_body '}'  (10)
	typed_function : built_in_type ID . '(' ')' '{' function_body '}'  (11)
	listOfIds : ID .  (89)

	'('  shift 31
	','  reduce 89
	';'  reduce 89


state 21
	array_creation : built_in_type '[' . INT_CONSTANT ']'  (95)

	INT_CONSTANT  shift 32
	.  error


state 22
	listOfIds : listOfIds . ',' ID  (88)
	variable : built_in_type listOfIds . ';'  (97)

	','  shift 33
	';'  shift 34
	.  error


state 23
	listOfIds : ID .  (89)

	.  reduce 89


state 24
	array_creation : struct '[' . INT_CONSTANT ']'  (96)

	INT_CONSTANT  shift 35
	.  error


state 25
	listOfIds : listOfIds . ',' ID  (88)
	variable : struct listOfIds . ';'  (99)

	','  shift 33
	';'  shift 36
	.  error


state 26
	array_creation : array_creation '[' . INT_CONSTANT ']'  (94)

	INT_CONSTANT  shift 37
	.  error


state 27
	listOfIds : listOfIds . ',' ID  (88)
	variable : array_creation listOfIds . ';'  (98)

	','  shift 33
	';'  shift 38
	.  error


state 28
	void_function : VOID ID '(' . listOfParameters ')' '{' function_body '}'  (12)
	void_function : VOID ID '(' . ')' '{' function_body '}'  (13)

	CHAR  shift 5
	DOUBLE  shift 6
	INT  shift 7
	STRUCT  shift 8
	')'  shift 39
	.  error

	built_in_type  goto 40
	listOfParameters  goto 41
	parameter  goto 42
	struct  goto 43
	array_creation  goto 44


state 29
	main : VOID MAIN '(' . ')' '{' function_body '}'  (14)

	')'  shift 45
	.  error


state 30
	listOfVariables : listOfVariables . variable  (100)
	struct : STRUCT '{' listOfVariables . '}'  (105)

	CHAR  shift 5
	DOUBLE  shift 6
	INT  shift 7
	STRUCT  shift 8
	'}'  shift 46
	.  error

	variable  goto 47
	built_in_type  goto 48
	struct  goto 15
	array_creation  goto 16


state 31
	typed_function : built_in_type ID '(' . listOfParameters ')' '{' function_body '}'  (10)
	typed_function : built_in_type ID '(' . ')' '{' function_body '}'  (11)

	CHAR  shift 5
	DOUBLE  shift 6
	INT  shift 7
	STRUCT  shift 8
	')'  shift 49
	.  error

	built_in_type  goto 40
	listOfParameters  goto 50
	parameter  goto 42
	struct  goto 43
	array_creation  goto 44


state 32
	array_creation : built_in_type '[' INT_CONSTANT . ']'  (95)

	']'  shift 51
	.  error


state 33
	listOfIds : listOfIds ',' . ID  (88)

	ID  shift 52
	.  error


state 34
	variable : built_in_type listOfIds ';' .  (97)

	.  reduce 97


state 35
	array_creation : struct '[' INT_CONSTANT . ']'  (96)

	']'  shift 53
	.  error


state 36
	variable : struct listOfIds ';' .  (99)

	.  reduce 99


state 37
	array_creation : array_creation '[' INT_CONSTANT . ']'  (94)

	']'  shift 54
	.  error


state 38
	variable : array_creation listOfIds ';' .  (98)

	.  reduce 98


state 39
	void_function : VOID ID '(' ')' . '{' function_body '}'  (13)

	'{'  shift 55
	.  error


state 40
	parameter : built_in_type . ID  (20)
	array_creation : built_in_type . '[' INT_CONSTANT ']'  (95)

	ID  shift 56
	'['  shift 21
	.  error


state 41
	void_function : VOID ID '(' listOfParameters . ')' '{' function_body '}'  (12)
	listOfParameters : listOfParameters . ',' parameter  (18)

	')'  shift 57
	','  shift 58
	.  error


state 42
	listOfParameters : parameter .  (19)

	.  reduce 19


state 43
	parameter : struct . ID  (21)
	array_creation : struct . '[' INT_CONSTANT ']'  (96)

	ID  shift 59
	'['  shift 24
	.  error


state 44
	parameter : array_creation . ID  (22)
	array_creation : array_creation . '[' INT_CONSTANT ']'  (94)

	ID  shift 60
	'['  shift 26
	.  error


state 45
	main : VOID MAIN '(' ')' . '{' function_body '}'  (14)

	'{'  shift 61
	.  error


state 46
	struct : STRUCT '{' listOfVariables '}' .  (105)

	.  reduce 105


state 47
	listOfVariables : listOfVariables variable .  (100)

	.  reduce 100


state 48
	array_creation : built_in_type . '[' INT_CONSTANT ']'  (95)
	variable : built_in_type . listOfIds ';'  (97)

	ID  shift 23
	'['  shift 21
	.  error

	listOfIds  goto 22


state 49
	typed_function : built_in_type ID '(' ')' . '{' function_body '}'  (11)

	'{'  shift 62
	.  error


state 50
	typed_function : built_in_type ID '(' listOfParameters . ')' '{' function_body '}'  (10)
	listOfParameters : listOfParameters . ',' parameter  (18)

	')'  shift 63
	','  shift 58
	.  error


state 51
	array_creation : built_in_type '[' INT_CONSTANT ']' .  (95)

	.  reduce 95


state 52
	listOfIds : listOfIds ',' ID .  (88)

	.  reduce 88


state 53
	array_creation : struct '[' INT_CONSTANT ']' .  (96)

	.  reduce 96


state 54
	array_creation : array_creation '[' INT_CONSTANT ']' .  (94)

	.  reduce 94


state 55
	void_function : VOID ID '(' ')' '{' . function_body '}'  (13)
	listOfVariables : .  (101)

	.  reduce 101

	function_body  goto 64
	listOfVariables  goto 65


state 56
	parameter : built_in_type ID .  (20)

	.  reduce 20


state 57
	void_function : VOID ID '(' listOfParameters ')' . '{' function_body '}'  (12)

	'{'  shift 66
	.  error


state 58
	listOfParameters : listOfParameters ',' . parameter  (18)

	CHAR  shift 5
	DOUBLE  shift 6
	INT  shift 7
	STRUCT  shift 8
	.  error

	built_in_type  goto 40
	parameter  goto 67
	struct  goto 43
	array_creation  goto 44


state 59
	parameter : struct ID .  (21)

	.  reduce 21


state 60
	parameter : array_creation ID .  (22)

	.  reduce 22


state 61
	main : VOID MAIN '(' ')' '{' . function_body '}'  (14)
	listOfVariables : .  (101)

	.  reduce 101

	function_body  goto 68
	listOfVariables  goto 65


state 62
	typed_function : built_in_type ID '(' ')' '{' . function_body '}'  (11)
	listOfVariables : .  (101)

	.  reduce 101

	function_body  goto 69
	listOfVariables  goto 65


state 63
	typed_function : built_in_type ID '(' listOfParameters ')' . '{' function_body '}'  (10)

	'{'  shift 70
	.  error


state 64
	void_function : VOID ID '(' ')' '{' function_body . '}'  (13)

	'}'  shift 71
	.  error


state 65
	function_body : listOfVariables . listOfStatements  (15)
	listOfVariables : listOfVariables . variable  (100)
	listOfStatements : .  (17)

	CHAR  shift 5
	DOUBLE  shift 6
	INT  shift 7
	STRUCT  shift 8
	INT_CONSTANT  reduce 17
	CHAR_CONSTANT  reduce 17
	REAL_CONSTANT  reduce 17
	ID  reduce 17
	WRITE  reduce 17
	READ  reduce 17
	IF  reduce 17
	WHILE  reduce 17
	RETURN  reduce 17
	FOR  reduce 17
	DO  reduce 17
	SWITCH  reduce 17
	'!'  reduce 17
	'-'  reduce 17
	'('  reduce 17
	'}'  reduce 17
	';'  reduce 17

	variable  goto 47
	built_in_type  goto 48
	listOfStatements  goto 72
	struct  goto 15
	array_creation  goto 16


state 66
	void_function : VOID ID '(' listOfParameters ')' '{' . function_body '}'  (12)
	listOfVariables : .  (101)

	.  reduce 101

	function_body  goto 73
	listOfVariables  goto 65


state 67
	listOfParameters : listOfParameters ',' parameter .  (18)

	.  reduce 18


state 68
	main : VOID MAIN '(' ')' '{' function_body . '}'  (14)

	'}'  shift 74
	.  error


state 69
	typed_function : built_in_type ID '(' ')' '{' function_body . '}'  (11)

	'}'  shift 75
	.  error


state 70
	typed_function : built_in_type ID '(' listOfParameters ')' '{' . function_body '}'  (10)
	listOfVariables : .  (101)

	.  reduce 101

	function_body  goto 76
	listOfVariables  goto 65


state 71
	void_function : VOID ID '(' ')' '{' function_body '}' .  (13)

	.  reduce 13


state 72
	function_body : listOfVariables listOfStatements .  (15)
	listOfStatements : listOfStatements . statement  (16)
	increment : .  (60)

	INT_CONSTANT  shift 77
	CHAR_CONSTANT  shift 78
	REAL_CONSTANT  shift 79
	ID  shift 80
	WRITE  shift 81
	READ  shift 82
	IF  shift 83
	WHILE  shift 84
	RETURN  shift 85
	FOR  shift 86
	DO  shift 87
	SWITCH  shift 88
	'!'  shift 89
	'-'  shift 90
	'('  shift 91
	'}'  reduce 15
	';'  reduce 60

	function_invocation  goto 92
	statement  goto 93
	expression  goto 94
	read  goto 95
	increment  goto 96
	write  goto 97
	if_else  goto 98
	while  goto 99
	for  goto 100
	switch  goto 101
	do_while  goto 102
	return  goto 103
	assignment  goto 104
	ternary  goto 105
	cast  goto 106
	array  goto 107


state 73
	void_function : VOID ID '(' listOfParameters ')' '{' function_body . '}'  (12)

	'}'  shift 108
	.  error


state 74
	main : VOID MAIN '(' ')' '{' function_body '}' .  (14)

	.  reduce 14


state 75
	typed_function : built_in_type ID '(' ')' '{' function_body '}' .  (11)

	.  reduce 11


state 76
	typed_function : built_in_type ID '(' listOfParameters ')' '{' function_body . '}'  (10)

	'}'  shift 109
	.  error


state 77
	expression : INT_CONSTANT .  (56)

	.  reduce 56


state 78
	expression : CHAR_CONSTANT .  (58)

	.  reduce 58


state 79
	expression : REAL_CONSTANT .  (57)

	.  reduce 57


state 80
	function_invocation : ID . '(' listOfExpressions ')'  (8)
	function_invocation : ID . '(' ')'  (9)
	expression : ID .  (59)

	'('  shift 110
	LEQ  reduce 59
	GEQ  reduce 59
	DOUBLEEQUALS  reduce 59
	DIFFERENT  reduce 59
	AND  reduce 59
	OR  reduce 59
	INC  reduce 59
	DEC  reduce 59
	DIVIDEEQUALS  reduce 59
	TIMESEQUALS  reduce 59
	MINUSEQUALS  reduce 59
	PLUSEQUALS  reduce 59
	'='  reduce 59
	'?'  reduce 59
	':'  reduce 59
	'>'  reduce 59
	'<'  reduce 59
	'+'  reduce 59
	'-'  reduce 59
	'*'  reduce 59
	'/'  reduce 59
	'%'  reduce 59
	POTENTIAL  reduce 59
	'['  reduce 59
	']'  reduce 59
	'.'  reduce 59
	')'  reduce 59
	','  reduce 59
	';'  reduce 59


state 81
	write : WRITE . listOfExpressions  (104)

	INT_CONSTANT  shift 77
	CHAR_CONSTANT  shift 78
	REAL_CONSTANT  shift 79
	ID  shift 80
	'!'  shift 89
	'-'  shift 90
	'('  shift 91
	.  error

	function_invocation  goto 92
	listOfExpressions  goto 111
	expression  goto 112
	assignment  goto 104
	ternary  goto 105
	cast  goto 106
	array  goto 107


state 82
	read : READ . listOfExpressions  (103)

	INT_CONSTANT  shift 77
	CHAR_CONSTANT  shift 78
	REAL_CONSTANT  shift 79
	ID  shift 80
	'!'  shift 89
	'-'  shift 90
	'('  shift 91
	.  error

	function_invocation  goto 92
	listOfExpressions  goto 113
	expression  goto 112
	assignment  goto 104
	ternary  goto 105
	cast  goto 106
	array  goto 107


state 83
	if_else : IF . '(' expression ')' body ELSE body  (67)
	if_else : IF . '(' expression ')' body  (68)

	'('  shift 114
	.  error


state 84
	while : WHILE . '(' expression ')' body  (72)

	'('  shift 115
	.  error


state 85
	return : RETURN . expression  (106)

	INT_CONSTANT  shift 77
	CHAR_CONSTANT  shift 78
	REAL_CONSTANT  shift 79
	ID  shift 80
	'!'  shift 89
	'-'  shift 90
	'('  shift 91
	.  error

	function_invocation  goto 92
	expression  goto 116
	assignment  goto 104
	ternary  goto 105
	cast  goto 106
	array  goto 107


state 86
	for : FOR . '(' statement expression ';' increment ')' body  (74)

	'('  shift 117
	.  error


state 87
	do_while : DO . body WHILE '(' expression ')'  (73)
	increment : .  (60)

	INT_CONSTANT  shift 77
	CHAR_CONSTANT  shift 78
	REAL_CONSTANT  shift 79
	ID  shift 80
	WRITE  shift 81
	READ  shift 82
	IF  shift 83
	WHILE  shift 84
	RETURN  shift 85
	FOR  shift 86
	DO  shift 87
	SWITCH  shift 88
	'!'  shift 89
	'-'  shift 90
	'('  shift 91
	'{'  shift 118
	';'  reduce 60

	function_invocation  goto 92
	statement  goto 119
	expression  goto 94
	read  goto 95
	increment  goto 96
	write  goto 97
	if_else  goto 98
	while  goto 99
	for  goto 100
	switch  goto 101
	do_while  goto 102
	return  goto 103
	assignment  goto 104
	ternary  goto 105
	cast  goto 106
	array  goto 107
	body  goto 120


state 88
	switch : SWITCH . '(' expression ')' '{' switch_body '}'  (75)

	'('  shift 121
	.  error


state 89
	expression : '!' . expression  (50)

	INT_CONSTANT  shift 77
	CHAR_CONSTANT  shift 78
	REAL_CONSTANT  shift 79
	ID  shift 80
	'!'  shift 89
	'-'  shift 90
	'('  shift 91
	.  error

	function_invocation  goto 92
	expression  goto 122
	assignment  goto 104
	ternary  goto 105
	cast  goto 106
	array  goto 107


state 90
	expression : '-' . expression  (49)

	INT_CONSTANT  shift 77
	CHAR_CONSTANT  shift 78
	REAL_CONSTANT  shift 79
	ID  shift 80
	'!'  shift 89
	'-'  shift 90
	'('  shift 91
	.  error

	function_invocation  goto 92
	expression  goto 123
	assignment  goto 104
	ternary  goto 105
	cast  goto 106
	array  goto 107


state 91
	expression : '(' . expression ')'  (52)
	cast : '(' . built_in_type ')' expression  (85)

	INT_CONSTANT  shift 77
	CHAR_CONSTANT  shift 78
	REAL_CONSTANT  shift 79
	ID  shift 80
	CHAR  shift 5
	DOUBLE  shift 6
	INT  shift 7
	'!'  shift 89
	'-'  shift 90
	'('  shift 91
	.  error

	function_invocation  goto 92
	built_in_type  goto 124
	expression  goto 125
	assignment  goto 104
	ternary  goto 105
	cast  goto 106
	array  goto 107


state 92
	expression : function_invocation .  (51)

	.  reduce 51


state 93
	listOfStatements : listOfStatements statement .  (16)

	.  reduce 16


state 94
	statement : expression . ';'  (23)
	expression : expression . '+' expression  (33)
	expression : expression . '*' expression  (34)
	expression : expression . '/' expression  (35)
	expression : expression . '-' expression  (36)
	expression : expression . '%' expression  (37)
	expression : expression . POTENTIAL expression  (40)
	expression : expression . DOUBLEEQUALS expression  (41)
	expression : expression . '>' expression  (42)
	expression : expression . GEQ expression  (43)
	expression : expression . '<' expression  (44)
	expression : expression . LEQ expression  (45)
	expression : expression . DIFFERENT expression  (46)
	expression : expression . AND expression  (47)
	expression : expression . OR expression  (48)
	expression : expression . '.' expression  (53)
	increment : expression . INC  (61)
	increment : expression . DEC  (62)
	increment : expression . PLUSEQUALS expression  (63)
	increment : expression . MINUSEQUALS expression  (64)
	increment : expression . TIMESEQUALS expression  (65)
	increment : expression . DIVIDEEQUALS expression  (66)
	ternary : expression . '?' expression ':' expression  (69)
	array : expression . '[' expression ']'  (93)
	assignment : expression . '=' expression  (102)

	LEQ  shift 126
	GEQ  shift 127
	DOUBLEEQUALS  shift 128
	DIFFERENT  shift 129
	AND  shift 130
	OR  shift 131
	INC  shift 132
	DEC  shift 133
	DIVIDEEQUALS  shift 134
	TIMESEQUALS  shift 135
	MINUSEQUALS  shift 136
	PLUSEQUALS  shift 137
	'='  shift 138
	'?'  shift 139
	'>'  shift 140
	'<'  shift 141
	'+'  shift 142
	'-'  shift 143
	'*'  shift 144
	'/'  shift 145
	'%'  shift 146
	POTENTIAL  shift 147
	'['  shift 148
	'.'  shift 149
	';'  shift 150
	.  error


state 95
	statement : read . ';'  (24)

	';'  shift 151
	.  error


state 96
	statement : increment . ';'  (25)

	';'  shift 152
	.  error


state 97
	statement : write . ';'  (26)

	';'  shift 153
	.  error


state 98
	statement : if_else .  (27)

	.  reduce 27


state 99
	statement : while .  (28)

	.  reduce 28


state 100
	statement : for .  (29)

	.  reduce 29


state 101
	statement : switch .  (30)

	.  reduce 30


state 102
	statement : do_while .  (31)

	.  reduce 31


state 103
	statement : return . ';'  (32)

	';'  shift 154
	.  error


state 104
	expression : assignment .  (38)

	.  reduce 38


state 105
	expression : ternary .  (39)

	.  reduce 39


state 106
	expression : cast .  (54)

	.  reduce 54


state 107
	expression : array .  (55)

	.  reduce 55


state 108
	void_function : VOID ID '(' listOfParameters ')' '{' function_body '}' .  (12)

	.  reduce 12


state 109
	typed_function : built_in_type ID '(' listOfParameters ')' '{' function_body '}' .  (10)

	.  reduce 10


state 110
	function_invocation : ID '(' . listOfExpressions ')'  (8)
	function_invocation : ID '(' . ')'  (9)

	INT_CONSTANT  shift 77
	CHAR_CONSTANT  shift 78
	REAL_CONSTANT  shift 79
	ID  shift 80
	'!'  shift 89
	'-'  shift 90
	'('  shift 91
	')'  shift 155
	.  error

	function_invocation  goto 92
	listOfExpressions  goto 156
	expression  goto 112
	assignment  goto 104
	ternary  goto 105
	cast  goto 106
	array  goto 107


state 111
	listOfExpressions : listOfExpressions . ',' expression  (86)
	write : WRITE listOfExpressions .  (104)

	','  shift 157
	';'  reduce 104


state 112
	expression : expression . '+' expression  (33)
	expression : expression . '*' expression  (34)
	expression : expression . '/' expression  (35)
	expression : expression . '-' expression  (36)
	expression : expression . '%' expression  (37)
	expression : expression . POTENTIAL expression  (40)
	expression : expression . DOUBLEEQUALS expression  (41)
	expression : expression . '>' expression  (42)
	expression : expression . GEQ expression  (43)
	expression : expression . '<' expression  (44)
	expression : expression . LEQ expression  (45)
	expression : expression . DIFFERENT expression  (46)
	expression : expression . AND expression  (47)
	expression : expression . OR expression  (48)
	expression : expression . '.' expression  (53)
	ternary : expression . '?' expression ':' expression  (69)
	listOfExpressions : expression .  (87)
	array : expression . '[' expression ']'  (93)
	assignment : expression . '=' expression  (102)

	LEQ  shift 126
	GEQ  shift 127
	DOUBLEEQUALS  shift 128
	DIFFERENT  shift 129
	AND  shift 130
	OR  shift 131
	'='  shift 138
	'?'  shift 139
	'>'  shift 140
	'<'  shift 141
	'+'  shift 142
	'-'  shift 143
	'*'  shift 144
	'/'  shift 145
	'%'  shift 146
	POTENTIAL  shift 147
	'['  shift 148
	'.'  shift 149
	')'  reduce 87
	','  reduce 87
	';'  reduce 87


state 113
	listOfExpressions : listOfExpressions . ',' expression  (86)
	read : READ listOfExpressions .  (103)

	','  shift 157
	';'  reduce 103


state 114
	if_else : IF '(' . expression ')' body ELSE body  (67)
	if_else : IF '(' . expression ')' body  (68)

	INT_CONSTANT  shift 77
	CHAR_CONSTANT  shift 78
	REAL_CONSTANT  shift 79
	ID  shift 80
	'!'  shift 89
	'-'  shift 90
	'('  shift 91
	.  error

	function_invocation  goto 92
	expression  goto 158
	assignment  goto 104
	ternary  goto 105
	cast  goto 106
	array  goto 107


state 115
	while : WHILE '(' . expression ')' body  (72)

	INT_CONSTANT  shift 77
	CHAR_CONSTANT  shift 78
	REAL_CONSTANT  shift 79
	ID  shift 80
	'!'  shift 89
	'-'  shift 90
	'('  shift 91
	.  error

	function_invocation  goto 92
	expression  goto 159
	assignment  goto 104
	ternary  goto 105
	cast  goto 106
	array  goto 107


state 116
	expression : expression . '+' expression  (33)
	expression : expression . '*' expression  (34)
	expression : expression . '/' expression  (35)
	expression : expression . '-' expression  (36)
	expression : expression . '%' expression  (37)
	expression : expression . POTENTIAL expression  (40)
	expression : expression . DOUBLEEQUALS expression  (41)
	expression : expression . '>' expression  (42)
	expression : expression . GEQ expression  (43)
	expression : expression . '<' expression  (44)
	expression : expression . LEQ expression  (45)
	expression : expression . DIFFERENT expression  (46)
	expression : expression . AND expression  (47)
	expression : expression . OR expression  (48)
	expression : expression . '.' expression  (53)
	ternary : expression . '?' expression ':' expression  (69)
	array : expression . '[' expression ']'  (93)
	assignment : expression . '=' expression  (102)
	return : RETURN expression .  (106)

	LEQ  shift 126
	GEQ  shift 127
	DOUBLEEQUALS  shift 128
	DIFFERENT  shift 129
	AND  shift 130
	OR  shift 131
	'='  shift 138
	'?'  shift 139
	'>'  shift 140
	'<'  shift 141
	'+'  shift 142
	'-'  shift 143
	'*'  shift 144
	'/'  shift 145
	'%'  shift 146
	POTENTIAL  shift 147
	'['  shift 148
	'.'  shift 149
	';'  reduce 106


state 117
	for : FOR '(' . statement expression ';' increment ')' body  (74)
	increment : .  (60)

	INT_CONSTANT  shift 77
	CHAR_CONSTANT  shift 78
	REAL_CONSTANT  shift 79
	ID  shift 80
	WRITE  shift 81
	READ  shift 82
	IF  shift 83
	WHILE  shift 84
	RETURN  shift 85
	FOR  shift 86
	DO  shift 87
	SWITCH  shift 88
	'!'  shift 89
	'-'  shift 90
	'('  shift 91
	';'  reduce 60

	function_invocation  goto 92
	statement  goto 160
	expression  goto 94
	read  goto 95
	increment  goto 96
	write  goto 97
	if_else  goto 98
	while  goto 99
	for  goto 100
	switch  goto 101
	do_while  goto 102
	return  goto 103
	assignment  goto 104
	ternary  goto 105
	cast  goto 106
	array  goto 107


state 118
	body : '{' . listOfStatements '}'  (70)
	listOfStatements : .  (17)

	.  reduce 17

	listOfStatements  goto 161


state 119
	body : statement .  (71)

	.  reduce 71


state 120
	do_while : DO body . WHILE '(' expression ')'  (73)

	WHILE  shift 162
	.  error


state 121
	switch : SWITCH '(' . expression ')' '{' switch_body '}'  (75)

	INT_CONSTANT  shift 77
	CHAR_CONSTANT  shift 78
	REAL_CONSTANT  shift 79
	ID  shift 80
	'!'  shift 89
	'-'  shift 90
	'('  shift 91
	.  error

	function_invocation  goto 92
	expression  goto 163
	assignment  goto 104
	ternary  goto 105
	cast  goto 106
	array  goto 107


state 122
	expression : expression . '+' expression  (33)
	expression : expression . '*' expression  (34)
	expression : expression . '/' expression  (35)
	expression : expression . '-' expression  (36)
	expression : expression . '%' expression  (37)
	expression : expression . POTENTIAL expression  (40)
	expression : expression . DOUBLEEQUALS expression  (41)
	expression : expression . '>' expression  (42)
	expression : expression . GEQ expression  (43)
	expression : expression . '<' expression  (44)
	expression : expression . LEQ expression  (45)
	expression : expression . DIFFERENT expression  (46)
	expression : expression . AND expression  (47)
	expression : expression . OR expression  (48)
	expression : '!' expression .  (50)
	expression : expression . '.' expression  (53)
	ternary : expression . '?' expression ':' expression  (69)
	array : expression . '[' expression ']'  (93)
	assignment : expression . '=' expression  (102)

	LEQ  shift 126
	GEQ  shift 127
	DOUBLEEQUALS  shift 128
	DIFFERENT  shift 129
	'>'  shift 140
	'<'  shift 141
	'+'  shift 142
	'-'  shift 143
	'*'  shift 144
	'/'  shift 145
	'%'  shift 146
	POTENTIAL  shift 147
	'['  shift 148
	'.'  shift 149
	AND  reduce 50
	OR  reduce 50
	INC  reduce 50
	DEC  reduce 50
	DIVIDEEQUALS  reduce 50
	TIMESEQUALS  reduce 50
	MINUSEQUALS  reduce 50
	PLUSEQUALS  reduce 50
	'='  reduce 50
	'?'  reduce 50
	':'  reduce 50
	']'  reduce 50
	')'  reduce 50
	','  reduce 50
	';'  reduce 50


state 123
	expression : expression . '+' expression  (33)
	expression : expression . '*' expression  (34)
	expression : expression . '/' expression  (35)
	expression : expression . '-' expression  (36)
	expression : expression . '%' expression  (37)
	expression : expression . POTENTIAL expression  (40)
	expression : expression . DOUBLEEQUALS expression  (41)
	expression : expression . '>' expression  (42)
	expression : expression . GEQ expression  (43)
	expression : expression . '<' expression  (44)
	expression : expression . LEQ expression  (45)
	expression : expression . DIFFERENT expression  (46)
	expression : expression . AND expression  (47)
	expression : expression . OR expression  (48)
	expression : '-' expression .  (49)
	expression : expression . '.' expression  (53)
	ternary : expression . '?' expression ':' expression  (69)
	array : expression . '[' expression ']'  (93)
	assignment : expression . '=' expression  (102)

	'['  shift 148
	'.'  shift 149
	LEQ  reduce 49
	GEQ  reduce 49
	DOUBLEEQUALS  reduce 49
	DIFFERENT  reduce 49
	AND  reduce 49
	OR  reduce 49
	INC  reduce 49
	DEC  reduce 49
	DIVIDEEQUALS  reduce 49
	TIMESEQUALS  reduce 49
	MINUSEQUALS  reduce 49
	PLUSEQUALS  reduce 49
	'='  reduce 49
	'?'  reduce 49
	':'  reduce 49
	'>'  reduce 49
	'<'  reduce 49
	'+'  reduce 49
	'-'  reduce 49
	'*'  reduce 49
	'/'  reduce 49
	'%'  reduce 49
	POTENTIAL  reduce 49
	']'  reduce 49
	')'  reduce 49
	','  reduce 49
	';'  reduce 49


state 124
	cast : '(' built_in_type . ')' expression  (85)

	')'  shift 164
	.  error


state 125
	expression : expression . '+' expression  (33)
	expression : expression . '*' expression  (34)
	expression : expression . '/' expression  (35)
	expression : expression . '-' expression  (36)
	expression : expression . '%' expression  (37)
	expression : expression . POTENTIAL expression  (40)
	expression : expression . DOUBLEEQUALS expression  (41)
	expression : expression . '>' expression  (42)
	expression : expression . GEQ expression  (43)
	expression : expression . '<' expression  (44)
	expression : expression . LEQ expression  (45)
	expression : expression . DIFFERENT expression  (46)
	expression : expression . AND expression  (47)
	expression : expression . OR expression  (48)
	expression : '(' expression . ')'  (52)
	expression : expression . '.' expression  (53)
	ternary : expression . '?' expression ':' expression  (69)
	array : expression . '[' expression ']'  (93)
	assignment : expression . '=' expression  (102)

	LEQ  shift 126
	GEQ  shift 127
	DOUBLEEQUALS  shift 128
	DIFFERENT  shift 129
	AND  shift 130
	OR  shift 131
	'='  shift 138
	'?'  shift 139
	'>'  shift 140
	'<'  shift 141
	'+'  shift 142
	'-'  shift 143
	'*'  shift 144
	'/'  shift 145
	'%'  shift 146
	POTENTIAL  shift 147
	'['  shift 148
	'.'  shift 149
	')'  shift 165
	.  error


state 126
	expression : expression LEQ . expression  (45)

	INT_CONSTANT  shift 77
	CHAR_CONSTANT  shift 78
	REAL_CONSTANT  shift 79
	ID  shift 80
	'!'  shift 89
	'-'  shift 90
	'('  shift 91
	.  error

	function_invocation  goto 92
	expression  goto 166
	assignment  goto 104
	ternary  goto 105
	cast  goto 106
	array  goto 107


state 127
	expression : expression GEQ . expression  (43)

	INT_CONSTANT  shift 77
	CHAR_CONSTANT  shift 78
	REAL_CONSTANT  shift 79
	ID  shift 80
	'!'  shift 89
	'-'  shift 90
	'('  shift 91
	.  error

	function_invocation  goto 92
	expression  goto 167
	assignment  goto 104
	ternary  goto 105
	cast  goto 106
	array  goto 107


state 128
	expression : expression DOUBLEEQUALS . expression  (41)

	INT_CONSTANT  shift 77
	CHAR_CONSTANT  shift 78
	REAL_CONSTANT  shift 79
	ID  shift 80
	'!'  shift 89
	'-'  shift 90
	'('  shift 91
	.  error

	function_invocation  goto 92
	expression  goto 168
	assignment  goto 104
	ternary  goto 105
	cast  goto 106
	array  goto 107


state 129
	expression : expression DIFFERENT . expression  (46)

	INT_CONSTANT  shift 77
	CHAR_CONSTANT  shift 78
	REAL_CONSTANT  shift 79
	ID  shift 80
	'!'  shift 89
	'-'  shift 90
	'('  shift 91
	.  error

	function_invocation  goto 92
	expression  goto 169
	assignment  goto 104
	ternary  goto 105
	cast  goto 106
	array  goto 107


state 130
	expression : expression AND . expression  (47)

	INT_CONSTANT  shift 77
	CHAR_CONSTANT  shift 78
	REAL_CONSTANT  shift 79
	ID  shift 80
	'!'  shift 89
	'-'  shift 90
	'('  shift 91
	.  error

	function_invocation  goto 92
	expression  goto 170
	assignment  goto 104
	ternary  goto 105
	cast  goto 106
	array  goto 107


state 131
	expression : expression OR . expression  (48)

	INT_CONSTANT  shift 77
	CHAR_CONSTANT  shift 78
	REAL_CONSTANT  shift 79
	ID  shift 80
	'!'  shift 89
	'-'  shift 90
	'('  shift 91
	.  error

	function_invocation  goto 92
	expression  goto 171
	assignment  goto 104
	ternary  goto 105
	cast  goto 106
	array  goto 107


state 132
	increment : expression INC .  (61)

	.  reduce 61


state 133
	increment : expression DEC .  (62)

	.  reduce 62


state 134
	increment : expression DIVIDEEQUALS . expression  (66)

	INT_CONSTANT  shift 77
	CHAR_CONSTANT  shift 78
	REAL_CONSTANT  shift 79
	ID  shift 80
	'!'  shift 89
	'-'  shift 90
	'('  shift 91
	.  error

	function_invocation  goto 92
	expression  goto 172
	assignment  goto 104
	ternary  goto 105
	cast  goto 106
	array  goto 107


state 135
	increment : expression TIMESEQUALS . expression  (65)

	INT_CONSTANT  shift 77
	CHAR_CONSTANT  shift 78
	REAL_CONSTANT  shift 79
	ID  shift 80
	'!'  shift 89
	'-'  shift 90
	'('  shift 91
	.  error

	function_invocation  goto 92
	expression  goto 173
	assignment  goto 104
	ternary  goto 105
	cast  goto 106
	array  goto 107


state 136
	increment : expression MINUSEQUALS . expression  (64)

	INT_CONSTANT  shift 77
	CHAR_CONSTANT  shift 78
	REAL_CONSTANT  shift 79
	ID  shift 80
	'!'  shift 89
	'-'  shift 90
	'('  shift 91
	.  error

	function_invocation  goto 92
	expression  goto 174
	assignment  goto 104
	ternary  goto 105
	cast  goto 106
	array  goto 107


state 137
	increment : expression PLUSEQUALS . expression  (63)

	INT_CONSTANT  shift 77
	CHAR_CONSTANT  shift 78
	REAL_CONSTANT  shift 79
	ID  shift 80
	'!'  shift 89
	'-'  shift 90
	'('  shift 91
	.  error

	function_invocation  goto 92
	expression  goto 175
	assignment  goto 104
	ternary  goto 105
	cast  goto 106
	array  goto 107


state 138
	assignment : expression '=' . expression  (102)

	INT_CONSTANT  shift 77
	CHAR_CONSTANT  shift 78
	REAL_CONSTANT  shift 79
	ID  shift 80
	'!'  shift 89
	'-'  shift 90
	'('  shift 91
	.  error

	function_invocation  goto 92
	expression  goto 176
	assignment  goto 104
	ternary  goto 105
	cast  goto 106
	array  goto 107


state 139
	ternary : expression '?' . expression ':' expression  (69)

	INT_CONSTANT  shift 77
	CHAR_CONSTANT  shift 78
	REAL_CONSTANT  shift 79
	ID  shift 80
	'!'  shift 89
	'-'  shift 90
	'('  shift 91
	.  error

	function_invocation  goto 92
	expression  goto 177
	assignment  goto 104
	ternary  goto 105
	cast  goto 106
	array  goto 107


state 140
	expression : expression '>' . expression  (42)

	INT_CONSTANT  shift 77
	CHAR_CONSTANT  shift 78
	REAL_CONSTANT  shift 79
	ID  shift 80
	'!'  shift 89
	'-'  shift 90
	'('  shift 91
	.  error

	function_invocation  goto 92
	expression  goto 178
	assignment  goto 104
	ternary  goto 105
	cast  goto 106
	array  goto 107


state 141
	expression : expression '<' . expression  (44)

	INT_CONSTANT  shift 77
	CHAR_CONSTANT  shift 78
	REAL_CONSTANT  shift 79
	ID  shift 80
	'!'  shift 89
	'-'  shift 90
	'('  shift 91
	.  error

	function_invocation  goto 92
	expression  goto 179
	assignment  goto 104
	ternary  goto 105
	cast  goto 106
	array  goto 107


state 142
	expression : expression '+' . expression  (33)

	INT_CONSTANT  shift 77
	CHAR_CONSTANT  shift 78
	REAL_CONSTANT  shift 79
	ID  shift 80
	'!'  shift 89
	'-'  shift 90
	'('  shift 91
	.  error

	function_invocation  goto 92
	expression  goto 180
	assignment  goto 104
	ternary  goto 105
	cast  goto 106
	array  goto 107


state 143
	expression : expression '-' . expression  (36)

	INT_CONSTANT  shift 77
	CHAR_CONSTANT  shift 78
	REAL_CONSTANT  shift 79
	ID  shift 80
	'!'  shift 89
	'-'  shift 90
	'('  shift 91
	.  error

	function_invocation  goto 92
	expression  goto 181
	assignment  goto 104
	ternary  goto 105
	cast  goto 106
	array  goto 107


state 144
	expression : expression '*' . expression  (34)

	INT_CONSTANT  shift 77
	CHAR_CONSTANT  shift 78
	REAL_CONSTANT  shift 79
	ID  shift 80
	'!'  shift 89
	'-'  shift 90
	'('  shift 91
	.  error

	function_invocation  goto 92
	expression  goto 182
	assignment  goto 104
	ternary  goto 105
	cast  goto 106
	array  goto 107


state 145
	expression : expression '/' . expression  (35)

	INT_CONSTANT  shift 77
	CHAR_CONSTANT  shift 78
	REAL_CONSTANT  shift 79
	ID  shift 80
	'!'  shift 89
	'-'  shift 90
	'('  shift 91
	.  error

	function_invocation  goto 92
	expression  goto 183
	assignment  goto 104
	ternary  goto 105
	cast  goto 106
	array  goto 107


state 146
	expression : expression '%' . expression  (37)

	INT_CONSTANT  shift 77
	CHAR_CONSTANT  shift 78
	REAL_CONSTANT  shift 79
	ID  shift 80
	'!'  shift 89
	'-'  shift 90
	'('  shift 91
	.  error

	function_invocation  goto 92
	expression  goto 184
	assignment  goto 104
	ternary  goto 105
	cast  goto 106
	array  goto 107


state 147
	expression : expression POTENTIAL . expression  (40)

	INT_CONSTANT  shift 77
	CHAR_CONSTANT  shift 78
	REAL_CONSTANT  shift 79
	ID  shift 80
	'!'  shift 89
	'-'  shift 90
	'('  shift 91
	.  error

	function_invocation  goto 92
	expression  goto 185
	assignment  goto 104
	ternary  goto 105
	cast  goto 106
	array  goto 107


state 148
	array : expression '[' . expression ']'  (93)

	INT_CONSTANT  shift 77
	CHAR_CONSTANT  shift 78
	REAL_CONSTANT  shift 79
	ID  shift 80
	'!'  shift 89
	'-'  shift 90
	'('  shift 91
	.  error

	function_invocation  goto 92
	expression  goto 186
	assignment  goto 104
	ternary  goto 105
	cast  goto 106
	array  goto 107


state 149
	expression : expression '.' . expression  (53)

	INT_CONSTANT  shift 77
	CHAR_CONSTANT  shift 78
	REAL_CONSTANT  shift 79
	ID  shift 80
	'!'  shift 89
	'-'  shift 90
	'('  shift 91
	.  error

	function_invocation  goto 92
	expression  goto 187
	assignment  goto 104
	ternary  goto 105
	cast  goto 106
	array  goto 107


state 150
	statement : expression ';' .  (23)

	.  reduce 23


state 151
	statement : read ';' .  (24)

	.  reduce 24


state 152
	statement : increment ';' .  (25)

	.  reduce 25


state 153
	statement : write ';' .  (26)

	.  reduce 26


state 154
	statement : return ';' .  (32)

	.  reduce 32


state 155
	function_invocation : ID '(' ')' .  (9)

	.  reduce 9


state 156
	function_invocation : ID '(' listOfExpressions . ')'  (8)
	listOfExpressions : listOfExpressions . ',' expression  (86)

	')'  shift 188
	','  shift 157
	.  error


state 157
	listOfExpressions : listOfExpressions ',' . expression  (86)

	INT_CONSTANT  shift 77
	CHAR_CONSTANT  shift 78
	REAL_CONSTANT  shift 79
	ID  shift 80
	'!'  shift 89
	'-'  shift 90
	'('  shift 91
	.  error

	function_invocation  goto 92
	expression  goto 189
	assignment  goto 104
	ternary  goto 105
	cast  goto 106
	array  goto 107


state 158
	expression : expression . '+' expression  (33)
	expression : expression . '*' expression  (34)
	expression : expression . '/' expression  (35)
	expression : expression . '-' expression  (36)
	expression : expression . '%' expression  (37)
	expression : expression . POTENTIAL expression  (40)
	expression : expression . DOUBLEEQUALS expression  (41)
	expression : expression . '>' expression  (42)
	expression : expression . GEQ expression  (43)
	expression : expression . '<' expression  (44)
	expression : expression . LEQ expression  (45)
	expression : expression . DIFFERENT expression  (46)
	expression : expression . AND expression  (47)
	expression : expression . OR expression  (48)
	expression : expression . '.' expression  (53)
	if_else : IF '(' expression . ')' body ELSE body  (67)
	if_else : IF '(' expression . ')' body  (68)
	ternary : expression . '?' expression ':' expression  (69)
	array : expression . '[' expression ']'  (93)
	assignment : expression . '=' expression  (102)

	LEQ  shift 126
	GEQ  shift 127
	DOUBLEEQUALS  shift 128
	DIFFERENT  shift 129
	AND  shift 130
	OR  shift 131
	'='  shift 138
	'?'  shift 139
	'>'  shift 140
	'<'  shift 141
	'+'  shift 142
	'-'  shift 143
	'*'  shift 144
	'/'  shift 145
	'%'  shift 146
	POTENTIAL  shift 147
	'['  shift 148
	'.'  shift 149
	')'  shift 190
	.  error


state 159
	expression : expression . '+' expression  (33)
	expression : expression . '*' expression  (34)
	expression : expression . '/' expression  (35)
	expression : expression . '-' expression  (36)
	expression : expression . '%' expression  (37)
	expression : expression . POTENTIAL expression  (40)
	expression : expression . DOUBLEEQUALS expression  (41)
	expression : expression . '>' expression  (42)
	expression : expression . GEQ expression  (43)
	expression : expression . '<' expression  (44)
	expression : expression . LEQ expression  (45)
	expression : expression . DIFFERENT expression  (46)
	expression : expression . AND expression  (47)
	expression : expression . OR expression  (48)
	expression : expression . '.' expression  (53)
	ternary : expression . '?' expression ':' expression  (69)
	while : WHILE '(' expression . ')' body  (72)
	array : expression . '[' expression ']'  (93)
	assignment : expression . '=' expression  (102)

	LEQ  shift 126
	GEQ  shift 127
	DOUBLEEQUALS  shift 128
	DIFFERENT  shift 129
	AND  shift 130
	OR  shift 131
	'='  shift 138
	'?'  shift 139
	'>'  shift 140
	'<'  shift 141
	'+'  shift 142
	'-'  shift 143
	'*'  shift 144
	'/'  shift 145
	'%'  shift 146
	POTENTIAL  shift 147
	'['  shift 148
	'.'  shift 149
	')'  shift 191
	.  error


state 160
	for : FOR '(' statement . expression ';' increment ')' body  (74)

	INT_CONSTANT  shift 77
	CHAR_CONSTANT  shift 78
	REAL_CONSTANT  shift 79
	ID  shift 80
	'!'  shift 89
	'-'  shift 90
	'('  shift 91
	.  error

	function_invocation  goto 92
	expression  goto 192
	assignment  goto 104
	ternary  goto 105
	cast  goto 106
	array  goto 107


state 161
	listOfStatements : listOfStatements . statement  (16)
	body : '{' listOfStatements . '}'  (70)
	increment : .  (60)

	INT_CONSTANT  shift 77
	CHAR_CONSTANT  shift 78
	REAL_CONSTANT  shift 79
	ID  shift 80
	WRITE  shift 81
	READ  shift 82
	IF  shift 83
	WHILE  shift 84
	RETURN  shift 85
	FOR  shift 86
	DO  shift 87
	SWITCH  shift 88
	'!'  shift 89
	'-'  shift 90
	'('  shift 91
	'}'  shift 193
	';'  reduce 60

	function_invocation  goto 92
	statement  goto 93
	expression  goto 94
	read  goto 95
	increment  goto 96
	write  goto 97
	if_else  goto 98
	while  goto 99
	for  goto 100
	switch  goto 101
	do_while  goto 102
	return  goto 103
	assignment  goto 104
	ternary  goto 105
	cast  goto 106
	array  goto 107


state 162
	do_while : DO body WHILE . '(' expression ')'  (73)

	'('  shift 194
	.  error


state 163
	expression : expression . '+' expression  (33)
	expression : expression . '*' expression  (34)
	expression : expression . '/' expression  (35)
	expression : expression . '-' expression  (36)
	expression : expression . '%' expression  (37)
	expression : expression . POTENTIAL expression  (40)
	expression : expression . DOUBLEEQUALS expression  (41)
	expression : expression . '>' expression  (42)
	expression : expression . GEQ expression  (43)
	expression : expression . '<' expression  (44)
	expression : expression . LEQ expression  (45)
	expression : expression . DIFFERENT expression  (46)
	expression : expression . AND expression  (47)
	expression : expression . OR expression  (48)
	expression : expression . '.' expression  (53)
	ternary : expression . '?' expression ':' expression  (69)
	switch : SWITCH '(' expression . ')' '{' switch_body '}'  (75)
	array : expression . '[' expression ']'  (93)
	assignment : expression . '=' expression  (102)

	LEQ  shift 126
	GEQ  shift 127
	DOUBLEEQUALS  shift 128
	DIFFERENT  shift 129
	AND  shift 130
	OR  shift 131
	'='  shift 138
	'?'  shift 139
	'>'  shift 140
	'<'  shift 141
	'+'  shift 142
	'-'  shift 143
	'*'  shift 144
	'/'  shift 145
	'%'  shift 146
	POTENTIAL  shift 147
	'['  shift 148
	'.'  shift 149
	')'  shift 195
	.  error


state 164
	cast : '(' built_in_type ')' . expression  (85)

	INT_CONSTANT  shift 77
	CHAR_CONSTANT  shift 78
	REAL_CONSTANT  shift 79
	ID  shift 80
	'!'  shift 89
	'-'  shift 90
	'('  shift 91
	.  error

	function_invocation  goto 92
	expression  goto 196
	assignment  goto 104
	ternary  goto 105
	cast  goto 106
	array  goto 107


state 165
	expression : '(' expression ')' .  (52)

	.  reduce 52


state 166
	expression : expression . '+' expression  (33)
	expression : expression . '*' expression  (34)
	expression : expression . '/' expression  (35)
	expression : expression . '-' expression  (36)
	expression : expression . '%' expression  (37)
	expression : expression . POTENTIAL expression  (40)
	expression : expression . DOUBLEEQUALS expression  (41)
	expression : expression . '>' expression  (42)
	expression : expression . GEQ expression  (43)
	expression : expression . '<' expression  (44)
	expression : expression . LEQ expression  (45)
	expression : expression LEQ expression .  (45)
	expression : expression . DIFFERENT expression  (46)
	expression : expression . AND expression  (47)
	expression : expression . OR expression  (48)
	expression : expression . '.' expression  (53)
	ternary : expression . '?' expression ':' expression  (69)
	array : expression . '[' expression ']'  (93)
	assignment : expression . '=' expression  (102)

	'+'  shift 142
	'-'  shift 143
	'*'  shift 144
	'/'  shift 145
	'%'  shift 146
	POTENTIAL  shift 147
	'['  shift 148
	'.'  shift 149
	LEQ  reduce 45
	GEQ  reduce 45
	DOUBLEEQUALS  reduce 45
	DIFFERENT  reduce 45
	AND  reduce 45
	OR  reduce 45
	INC  reduce 45
	DEC  reduce 45
	DIVIDEEQUALS  reduce 45
	TIMESEQUALS  reduce 45
	MINUSEQUALS  reduce 45
	PLUSEQUALS  reduce 45
	'='  reduce 45
	'?'  reduce 45
	':'  reduce 45
	'>'  reduce 45
	'<'  reduce 45
	']'  reduce 45
	')'  reduce 45
	','  reduce 45
	';'  reduce 45


state 167
	expression : expression . '+' expression  (33)
	expression : expression . '*' expression  (34)
	expression : expression . '/' expression  (35)
	expression : expression . '-' expression  (36)
	expression : expression . '%' expression  (37)
	expression : expression . POTENTIAL expression  (40)
	expression : expression . DOUBLEEQUALS expression  (41)
	expression : expression . '>' expression  (42)
	expression : expression . GEQ expression  (43)
	expression : expression GEQ expression .  (43)
	expression : expression . '<' expression  (44)
	expression : expression . LEQ expression  (45)
	expression : expression . DIFFERENT expression  (46)
	expression : expression . AND expression  (47)
	expression : expression . OR expression  (48)
	expression : expression . '.' expression  (53)
	ternary : expression . '?' expression ':' expression  (69)
	array : expression . '[' expression ']'  (93)
	assignment : expression . '=' expression  (102)

	'+'  shift 142
	'-'  shift 143
	'*'  shift 144
	'/'  shift 145
	'%'  shift 146
	POTENTIAL  shift 147
	'['  shift 148
	'.'  shift 149
	LEQ  reduce 43
	GEQ  reduce 43
	DOUBLEEQUALS  reduce 43
	DIFFERENT  reduce 43
	AND  reduce 43
	OR  reduce 43
	INC  reduce 43
	DEC  reduce 43
	DIVIDEEQUALS  reduce 43
	TIMESEQUALS  reduce 43
	MINUSEQUALS  reduce 43
	PLUSEQUALS  reduce 43
	'='  reduce 43
	'?'  reduce 43
	':'  reduce 43
	'>'  reduce 43
	'<'  reduce 43
	']'  reduce 43
	')'  reduce 43
	','  reduce 43
	';'  reduce 43


state 168
	expression : expression . '+' expression  (33)
	expression : expression . '*' expression  (34)
	expression : expression . '/' expression  (35)
	expression : expression . '-' expression  (36)
	expression : expression . '%' expression  (37)
	expression : expression . POTENTIAL expression  (40)
	expression : expression . DOUBLEEQUALS expression  (41)
	expression : expression DOUBLEEQUALS expression .  (41)
	expression : expression . '>' expression  (42)
	expression : expression . GEQ expression  (43)
	expression : expression . '<' expression  (44)
	expression : expression . LEQ expression  (45)
	expression : expression . DIFFERENT expression  (46)
	expression : expression . AND expression  (47)
	expression : expression . OR expression  (48)
	expression : expression . '.' expression  (53)
	ternary : expression . '?' expression ':' expression  (69)
	array : expression . '[' expression ']'  (93)
	assignment : expression . '=' expression  (102)

	'+'  shift 142
	'-'  shift 143
	'*'  shift 144
	'/'  shift 145
	'%'  shift 146
	POTENTIAL  shift 147
	'['  shift 148
	'.'  shift 149
	LEQ  reduce 41
	GEQ  reduce 41
	DOUBLEEQUALS  reduce 41
	DIFFERENT  reduce 41
	AND  reduce 41
	OR  reduce 41
	INC  reduce 41
	DEC  reduce 41
	DIVIDEEQUALS  reduce 41
	TIMESEQUALS  reduce 41
	MINUSEQUALS  reduce 41
	PLUSEQUALS  reduce 41
	'='  reduce 41
	'?'  reduce 41
	':'  reduce 41
	'>'  reduce 41
	'<'  reduce 41
	']'  reduce 41
	')'  reduce 41
	','  reduce 41
	';'  reduce 41


state 169
	expression : expression . '+' expression  (33)
	expression : expression . '*' expression  (34)
	expression : expression . '/' expression  (35)
	expression : expression . '-' expression  (36)
	expression : expression . '%' expression  (37)
	expression : expression . POTENTIAL expression  (40)
	expression : expression . DOUBLEEQUALS expression  (41)
	expression : expression . '>' expression  (42)
	expression : expression . GEQ expression  (43)
	expression : expression . '<' expression  (44)
	expression : expression . LEQ expression  (45)
	expression : expression . DIFFERENT expression  (46)
	expression : expression DIFFERENT expression .  (46)
	expression : expression . AND expression  (47)
	expression : expression . OR expression  (48)
	expression : expression . '.' expression  (53)
	ternary : expression . '?' expression ':' expression  (69)
	array : expression . '[' expression ']'  (93)
	assignment : expression . '=' expression  (102)

	'+'  shift 142
	'-'  shift 143
	'*'  shift 144
	'/'  shift 145
	'%'  shift 146
	POTENTIAL  shift 147
	'['  shift 148
	'.'  shift 149
	LEQ  reduce 46
	GEQ  reduce 46
	DOUBLEEQUALS  reduce 46
	DIFFERENT  reduce 46
	AND  reduce 46
	OR  reduce 46
	INC  reduce 46
	DEC  reduce 46
	DIVIDEEQUALS  reduce 46
	TIMESEQUALS  reduce 46
	MINUSEQUALS  reduce 46
	PLUSEQUALS  reduce 46
	'='  reduce 46
	'?'  reduce 46
	':'  reduce 46
	'>'  reduce 46
	'<'  reduce 46
	']'  reduce 46
	')'  reduce 46
	','  reduce 46
	';'  reduce 46


state 170
	expression : expression . '+' expression  (33)
	expression : expression . '*' expression  (34)
	expression : expression . '/' expression  (35)
	expression : expression . '-' expression  (36)
	expression : expression . '%' expression  (37)
	expression : expression . POTENTIAL expression  (40)
	expression : expression . DOUBLEEQUALS expression  (41)
	expression : expression . '>' expression  (42)
	expression : expression . GEQ expression  (43)
	expression : expression . '<' expression  (44)
	expression : expression . LEQ expression  (45)
	expression : expression . DIFFERENT expression  (46)
	expression : expression . AND expression  (47)
	expression : expression AND expression .  (47)
	expression : expression . OR expression  (48)
	expression : expression . '.' expression  (53)
	ternary : expression . '?' expression ':' expression  (69)
	array : expression . '[' expression ']'  (93)
	assignment : expression . '=' expression  (102)

	LEQ  shift 126
	GEQ  shift 127
	DOUBLEEQUALS  shift 128
	DIFFERENT  shift 129
	'>'  shift 140
	'<'  shift 141
	'+'  shift 142
	'-'  shift 143
	'*'  shift 144
	'/'  shift 145
	'%'  shift 146
	POTENTIAL  shift 147
	'['  shift 148
	'.'  shift 149
	AND  reduce 47
	OR  reduce 47
	INC  reduce 47
	DEC  reduce 47
	DIVIDEEQUALS  reduce 47
	TIMESEQUALS  reduce 47
	MINUSEQUALS  reduce 47
	PLUSEQUALS  reduce 47
	'='  reduce 47
	'?'  reduce 47
	':'  reduce 47
	']'  reduce 47
	')'  reduce 47
	','  reduce 47
	';'  reduce 47


state 171
	expression : expression . '+' expression  (33)
	expression : expression . '*' expression  (34)
	expression : expression . '/' expression  (35)
	expression : expression . '-' expression  (36)
	expression : expression . '%' expression  (37)
	expression : expression . POTENTIAL expression  (40)
	expression : expression . DOUBLEEQUALS expression  (41)
	expression : expression . '>' expression  (42)
	expression : expression . GEQ expression  (43)
	expression : expression . '<' expression  (44)
	expression : expression . LEQ expression  (45)
	expression : expression . DIFFERENT expression  (46)
	expression : expression . AND expression  (47)
	expression : expression . OR expression  (48)
	expression : expression OR expression .  (48)
	expression : expression . '.' expression  (53)
	ternary : expression . '?' expression ':' expression  (69)
	array : expression . '[' expression ']'  (93)
	assignment : expression . '=' expression  (102)

	LEQ  shift 126
	GEQ  shift 127
	DOUBLEEQUALS  shift 128
	DIFFERENT  shift 129
	'>'  shift 140
	'<'  shift 141
	'+'  shift 142
	'-'  shift 143
	'*'  shift 144
	'/'  shift 145
	'%'  shift 146
	POTENTIAL  shift 147
	'['  shift 148
	'.'  shift 149
	AND  reduce 48
	OR  reduce 48
	INC  reduce 48
	DEC  reduce 48
	DIVIDEEQUALS  reduce 48
	TIMESEQUALS  reduce 48
	MINUSEQUALS  reduce 48
	PLUSEQUALS  reduce 48
	'='  reduce 48
	'?'  reduce 48
	':'  reduce 48
	']'  reduce 48
	')'  reduce 48
	','  reduce 48
	';'  reduce 48


state 172
	expression : expression . '+' expression  (33)
	expression : expression . '*' expression  (34)
	expression : expression . '/' expression  (35)
	expression : expression . '-' expression  (36)
	expression : expression . '%' expression  (37)
	expression : expression . POTENTIAL expression  (40)
	expression : expression . DOUBLEEQUALS expression  (41)
	expression : expression . '>' expression  (42)
	expression : expression . GEQ expression  (43)
	expression : expression . '<' expression  (44)
	expression : expression . LEQ expression  (45)
	expression : expression . DIFFERENT expression  (46)
	expression : expression . AND expression  (47)
	expression : expression . OR expression  (48)
	expression : expression . '.' expression  (53)
	increment : expression DIVIDEEQUALS expression .  (66)
	ternary : expression . '?' expression ':' expression  (69)
	array : expression . '[' expression ']'  (93)
	assignment : expression . '=' expression  (102)

	LEQ  shift 126
	GEQ  shift 127
	DOUBLEEQUALS  shift 128
	DIFFERENT  shift 129
	AND  shift 130
	OR  shift 131
	'='  shift 138
	'?'  shift 139
	'>'  shift 140
	'<'  shift 141
	'+'  shift 142
	'-'  shift 143
	'*'  shift 144
	'/'  shift 145
	'%'  shift 146
	POTENTIAL  shift 147
	'['  shift 148
	'.'  shift 149
	')'  reduce 66
	';'  reduce 66


state 173
	expression : expression . '+' expression  (33)
	expression : expression . '*' expression  (34)
	expression : expression . '/' expression  (35)
	expression : expression . '-' expression  (36)
	expression : expression . '%' expression  (37)
	expression : expression . POTENTIAL expression  (40)
	expression : expression . DOUBLEEQUALS expression  (41)
	expression : expression . '>' expression  (42)
	expression : expression . GEQ expression  (43)
	expression : expression . '<' expression  (44)
	expression : expression . LEQ expression  (45)
	expression : expression . DIFFERENT expression  (46)
	expression : expression . AND expression  (47)
	expression : expression . OR expression  (48)
	expression : expression . '.' expression  (53)
	increment : expression TIMESEQUALS expression .  (65)
	ternary : expression . '?' expression ':' expression  (69)
	array : expression . '[' expression ']'  (93)
	assignment : expression . '=' expression  (102)

	LEQ  shift 126
	GEQ  shift 127
	DOUBLEEQUALS  shift 128
	DIFFERENT  shift 129
	AND  shift 130
	OR  shift 131
	'='  shift 138
	'?'  shift 139
	'>'  shift 140
	'<'  shift 141
	'+'  shift 142
	'-'  shift 143
	'*'  shift 144
	'/'  shift 145
	'%'  shift 146
	POTENTIAL  shift 147
	'['  shift 148
	'.'  shift 149
	')'  reduce 65
	';'  reduce 65


state 174
	expression : expression . '+' expression  (33)
	expression : expression . '*' expression  (34)
	expression : expression . '/' expression  (35)
	expression : expression . '-' expression  (36)
	expression : expression . '%' expression  (37)
	expression : expression . POTENTIAL expression  (40)
	expression : expression . DOUBLEEQUALS expression  (41)
	expression : expression . '>' expression  (42)
	expression : expression . GEQ expression  (43)
	expression : expression . '<' expression  (44)
	expression : expression . LEQ expression  (45)
	expression : expression . DIFFERENT expression  (46)
	expression : expression . AND expression  (47)
	expression : expression . OR expression  (48)
	expression : expression . '.' expression  (53)
	increment : expression MINUSEQUALS expression .  (64)
	ternary : expression . '?' expression ':' expression  (69)
	array : expression . '[' expression ']'  (93)
	assignment : expression . '=' expression  (102)

	LEQ  shift 126
	GEQ  shift 127
	DOUBLEEQUALS  shift 128
	DIFFERENT  shift 129
	AND  shift 130
	OR  shift 131
	'='  shift 138
	'?'  shift 139
	'>'  shift 140
	'<'  shift 141
	'+'  shift 142
	'-'  shift 143
	'*'  shift 144
	'/'  shift 145
	'%'  shift 146
	POTENTIAL  shift 147
	'['  shift 148
	'.'  shift 149
	')'  reduce 64
	';'  reduce 64


state 175
	expression : expression . '+' expression  (33)
	expression : expression . '*' expression  (34)
	expression : expression . '/' expression  (35)
	expression : expression . '-' expression  (36)
	expression : expression . '%' expression  (37)
	expression : expression . POTENTIAL expression  (40)
	expression : expression . DOUBLEEQUALS expression  (41)
	expression : expression . '>' expression  (42)
	expression : expression . GEQ expression  (43)
	expression : expression . '<' expression  (44)
	expression : expression . LEQ expression  (45)
	expression : expression . DIFFERENT expression  (46)
	expression : expression . AND expression  (47)
	expression : expression . OR expression  (48)
	expression : expression . '.' expression  (53)
	increment : expression PLUSEQUALS expression .  (63)
	ternary : expression . '?' expression ':' expression  (69)
	array : expression . '[' expression ']'  (93)
	assignment : expression . '=' expression  (102)

	LEQ  shift 126
	GEQ  shift 127
	DOUBLEEQUALS  shift 128
	DIFFERENT  shift 129
	AND  shift 130
	OR  shift 131
	'='  shift 138
	'?'  shift 139
	'>'  shift 140
	'<'  shift 141
	'+'  shift 142
	'-'  shift 143
	'*'  shift 144
	'/'  shift 145
	'%'  shift 146
	POTENTIAL  shift 147
	'['  shift 148
	'.'  shift 149
	')'  reduce 63
	';'  reduce 63


state 176
	expression : expression . '+' expression  (33)
	expression : expression . '*' expression  (34)
	expression : expression . '/' expression  (35)
	expression : expression . '-' expression  (36)
	expression : expression . '%' expression  (37)
	expression : expression . POTENTIAL expression  (40)
	expression : expression . DOUBLEEQUALS expression  (41)
	expression : expression . '>' expression  (42)
	expression : expression . GEQ expression  (43)
	expression : expression . '<' expression  (44)
	expression : expression . LEQ expression  (45)
	expression : expression . DIFFERENT expression  (46)
	expression : expression . AND expression  (47)
	expression : expression . OR expression  (48)
	expression : expression . '.' expression  (53)
	ternary : expression . '?' expression ':' expression  (69)
	array : expression . '[' expression ']'  (93)
	assignment : expression . '=' expression  (102)
	assignment : expression '=' expression .  (102)

	LEQ  shift 126
	GEQ  shift 127
	DOUBLEEQUALS  shift 128
	DIFFERENT  shift 129
	AND  shift 130
	OR  shift 131
	'='  shift 138
	'?'  shift 139
	'>'  shift 140
	'<'  shift 141
	'+'  shift 142
	'-'  shift 143
	'*'  shift 144
	'/'  shift 145
	'%'  shift 146
	POTENTIAL  shift 147
	'['  shift 148
	'.'  shift 149
	INC  reduce 102
	DEC  reduce 102
	DIVIDEEQUALS  reduce 102
	TIMESEQUALS  reduce 102
	MINUSEQUALS  reduce 102
	PLUSEQUALS  reduce 102
	':'  reduce 102
	']'  reduce 102
	')'  reduce 102
	','  reduce 102
	';'  reduce 102


state 177
	expression : expression . '+' expression  (33)
	expression : expression . '*' expression  (34)
	expression : expression . '/' expression  (35)
	expression : expression . '-' expression  (36)
	expression : expression . '%' expression  (37)
	expression : expression . POTENTIAL expression  (40)
	expression : expression . DOUBLEEQUALS expression  (41)
	expression : expression . '>' expression  (42)
	expression : expression . GEQ expression  (43)
	expression : expression . '<' expression  (44)
	expression : expression . LEQ expression  (45)
	expression : expression . DIFFERENT expression  (46)
	expression : expression . AND expression  (47)
	expression : expression . OR expression  (48)
	expression : expression . '.' expression  (53)
	ternary : expression . '?' expression ':' expression  (69)
	ternary : expression '?' expression . ':' expression  (69)
	array : expression . '[' expression ']'  (93)
	assignment : expression . '=' expression  (102)

	LEQ  shift 126
	GEQ  shift 127
	DOUBLEEQUALS  shift 128
	DIFFERENT  shift 129
	AND  shift 130
	OR  shift 131
	'='  shift 138
	'?'  shift 139
	':'  shift 197
	'>'  shift 140
	'<'  shift 141
	'+'  shift 142
	'-'  shift 143
	'*'  shift 144
	'/'  shift 145
	'%'  shift 146
	POTENTIAL  shift 147
	'['  shift 148
	'.'  shift 149
	.  error


state 178
	expression : expression . '+' expression  (33)
	expression : expression . '*' expression  (34)
	expression : expression . '/' expression  (35)
	expression : expression . '-' expression  (36)
	expression : expression . '%' expression  (37)
	expression : expression . POTENTIAL expression  (40)
	expression : expression . DOUBLEEQUALS expression  (41)
	expression : expression . '>' expression  (42)
	expression : expression '>' expression .  (42)
	expression : expression . GEQ expression  (43)
	expression : expression . '<' expression  (44)
	expression : expression . LEQ expression  (45)
	expression : expression . DIFFERENT expression  (46)
	expression : expression . AND expression  (47)
	expression : expression . OR expression  (48)
	expression : expression . '.' expression  (53)
	ternary : expression . '?' expression ':' expression  (69)
	array : expression . '[' expression ']'  (93)
	assignment : expression . '=' expression  (102)

	'+'  shift 142
	'-'  shift 143
	'*'  shift 144
	'/'  shift 145
	'%'  shift 146
	POTENTIAL  shift 147
	'['  shift 148
	'.'  shift 149
	LEQ  reduce 42
	GEQ  reduce 42
	DOUBLEEQUALS  reduce 42
	DIFFERENT  reduce 42
	AND  reduce 42
	OR  reduce 42
	INC  reduce 42
	DEC  reduce 42
	DIVIDEEQUALS  reduce 42
	TIMESEQUALS  reduce 42
	MINUSEQUALS  reduce 42
	PLUSEQUALS  reduce 42
	'='  reduce 42
	'?'  reduce 42
	':'  reduce 42
	'>'  reduce 42
	'<'  reduce 42
	']'  reduce 42
	')'  reduce 42
	','  reduce 42
	';'  reduce 42


state 179
	expression : expression . '+' expression  (33)
	expression : expression . '*' expression  (34)
	expression : expression . '/' expression  (35)
	expression : expression . '-' expression  (36)
	expression : expression . '%' expression  (37)
	expression : expression . POTENTIAL expression  (40)
	expression : expression . DOUBLEEQUALS expression  (41)
	expression : expression . '>' expression  (42)
	expression : expression . GEQ expression  (43)
	expression : expression . '<' expression  (44)
	expression : expression '<' expression .  (44)
	expression : expression . LEQ expression  (45)
	expression : expression . DIFFERENT expression  (46)
	expression : expression . AND expression  (47)
	expression : expression . OR expression  (48)
	expression : expression . '.' expression  (53)
	ternary : expression . '?' expression ':' expression  (69)
	array : expression . '[' expression ']'  (93)
	assignment : expression . '=' expression  (102)

	'+'  shift 142
	'-'  shift 143
	'*'  shift 144
	'/'  shift 145
	'%'  shift 146
	POTENTIAL  shift 147
	'['  shift 148
	'.'  shift 149
	LEQ  reduce 44
	GEQ  reduce 44
	DOUBLEEQUALS  reduce 44
	DIFFERENT  reduce 44
	AND  reduce 44
	OR  reduce 44
	INC  reduce 44
	DEC  reduce 44
	DIVIDEEQUALS  reduce 44
	TIMESEQUALS  reduce 44
	MINUSEQUALS  reduce 44
	PLUSEQUALS  reduce 44
	'='  reduce 44
	'?'  reduce 44
	':'  reduce 44
	'>'  reduce 44
	'<'  reduce 44
	']'  reduce 44
	')'  reduce 44
	','  reduce 44
	';'  reduce 44


state 180
	expression : expression . '+' expression  (33)
	expression : expression '+' expression .  (33)
	expression : expression . '*' expression  (34)
	expression : expression . '/' expression  (35)
	expression : expression . '-' expression  (36)
	expression : expression . '%' expression  (37)
	expression : expression . POTENTIAL expression  (40)
	expression : expression . DOUBLEEQUALS expression  (41)
	expression : expression . '>' expression  (42)
	expression : expression . GEQ expression  (43)
	expression : expression . '<' expression  (44)
	expression : expression . LEQ expression  (45)
	expression : expression . DIFFERENT expression  (46)
	expression : expression . AND expression  (47)
	expression : expression . OR expression  (48)
	expression : expression . '.' expression  (53)
	ternary : expression . '?' expression ':' expression  (69)
	array : expression . '[' expression ']'  (93)
	assignment : expression . '=' expression  (102)

	'*'  shift 144
	'/'  shift 145
	'%'  shift 146
	POTENTIAL  shift 147
	'['  shift 148
	'.'  shift 149
	LEQ  reduce 33
	GEQ  reduce 33
	DOUBLEEQUALS  reduce 33
	DIFFERENT  reduce 33
	AND  reduce 33
	OR  reduce 33
	INC  reduce 33
	DEC  reduce 33
	DIVIDEEQUALS  reduce 33
	TIMESEQUALS  reduce 33
	MINUSEQUALS  reduce 33
	PLUSEQUALS  reduce 33
	'='  reduce 33
	'?'  reduce 33
	':'  reduce 33
	'>'  reduce 33
	'<'  reduce 33
	'+'  reduce 33
	'-'  reduce 33
	']'  reduce 33
	')'  reduce 33
	','  reduce 33
	';'  reduce 33


state 181
	expression : expression . '+' expression  (33)
	expression : expression . '*' expression  (34)
	expression : expression . '/' expression  (35)
	expression : expression . '-' expression  (36)
	expression : expression '-' expression .  (36)
	expression : expression . '%' expression  (37)
	expression : expression . POTENTIAL expression  (40)
	expression : expression . DOUBLEEQUALS expression  (41)
	expression : expression . '>' expression  (42)
	expression : expression . GEQ expression  (43)
	expression : expression . '<' expression  (44)
	expression : expression . LEQ expression  (45)
	expression : expression . DIFFERENT expression  (46)
	expression : expression . AND expression  (47)
	expression : expression . OR expression  (48)
	expression : expression . '.' expression  (53)
	ternary : expression . '?' expression ':' expression  (69)
	array : expression . '[' expression ']'  (93)
	assignment : expression . '=' expression  (102)

	'*'  shift 144
	'/'  shift 145
	'%'  shift 146
	POTENTIAL  shift 147
	'['  shift 148
	'.'  shift 149
	LEQ  reduce 36
	GEQ  reduce 36
	DOUBLEEQUALS  reduce 36
	DIFFERENT  reduce 36
	AND  reduce 36
	OR  reduce 36
	INC  reduce 36
	DEC  reduce 36
	DIVIDEEQUALS  reduce 36
	TIMESEQUALS  reduce 36
	MINUSEQUALS  reduce 36
	PLUSEQUALS  reduce 36
	'='  reduce 36
	'?'  reduce 36
	':'  reduce 36
	'>'  reduce 36
	'<'  reduce 36
	'+'  reduce 36
	'-'  reduce 36
	']'  reduce 36
	')'  reduce 36
	','  reduce 36
	';'  reduce 36


state 182
	expression : expression . '+' expression  (33)
	expression : expression . '*' expression  (34)
	expression : expression '*' expression .  (34)
	expression : expression . '/' expression  (35)
	expression : expression . '-' expression  (36)
	expression : expression . '%' expression  (37)
	expression : expression . POTENTIAL expression  (40)
	expression : expression . DOUBLEEQUALS expression  (41)
	expression : expression . '>' expression  (42)
	expression : expression . GEQ expression  (43)
	expression : expression . '<' expression  (44)
	expression : expression . LEQ expression  (45)
	expression : expression . DIFFERENT expression  (46)
	expression : expression . AND expression  (47)
	expression : expression . OR expression  (48)
	expression : expression . '.' expression  (53)
	ternary : expression . '?' expression ':' expression  (69)
	array : expression . '[' expression ']'  (93)
	assignment : expression . '=' expression  (102)

	POTENTIAL  shift 147
	'['  shift 148
	'.'  shift 149
	LEQ  reduce 34
	GEQ  reduce 34
	DOUBLEEQUALS  reduce 34
	DIFFERENT  reduce 34
	AND  reduce 34
	OR  reduce 34
	INC  reduce 34
	DEC  reduce 34
	DIVIDEEQUALS  reduce 34
	TIMESEQUALS  reduce 34
	MINUSEQUALS  reduce 34
	PLUSEQUALS  reduce 34
	'='  reduce 34
	'?'  reduce 34
	':'  reduce 34
	'>'  reduce 34
	'<'  reduce 34
	'+'  reduce 34
	'-'  reduce 34
	'*'  reduce 34
	'/'  reduce 34
	'%'  reduce 34
	']'  reduce 34
	')'  reduce 34
	','  reduce 34
	';'  reduce 34


state 183
	expression : expression . '+' expression  (33)
	expression : expression . '*' expression  (34)
	expression : expression . '/' expression  (35)
	expression : expression '/' expression .  (35)
	expression : expression . '-' expression  (36)
	expression : expression . '%' expression  (37)
	expression : expression . POTENTIAL expression  (40)
	expression : expression . DOUBLEEQUALS expression  (41)
	expression : expression . '>' expression  (42)
	expression : expression . GEQ expression  (43)
	expression : expression . '<' expression  (44)
	expression : expression . LEQ expression  (45)
	expression : expression . DIFFERENT expression  (46)
	expression : expression . AND expression  (47)
	expression : expression . OR expression  (48)
	expression : expression . '.' expression  (53)
	ternary : expression . '?' expression ':' expression  (69)
	array : expression . '[' expression ']'  (93)
	assignment : expression . '=' expression  (102)

	POTENTIAL  shift 147
	'['  shift 148
	'.'  shift 149
	LEQ  reduce 35
	GEQ  reduce 35
	DOUBLEEQUALS  reduce 35
	DIFFERENT  reduce 35
	AND  reduce 35
	OR  reduce 35
	INC  reduce 35
	DEC  reduce 35
	DIVIDEEQUALS  reduce 35
	TIMESEQUALS  reduce 35
	MINUSEQUALS  reduce 35
	PLUSEQUALS  reduce 35
	'='  reduce 35
	'?'  reduce 35
	':'  reduce 35
	'>'  reduce 35
	'<'  reduce 35
	'+'  reduce 35
	'-'  reduce 35
	'*'  reduce 35
	'/'  reduce 35
	'%'  reduce 35
	']'  reduce 35
	')'  reduce 35
	','  reduce 35
	';'  reduce 35


state 184
	expression : expression . '+' expression  (33)
	expression : expression . '*' expression  (34)
	expression : expression . '/' expression  (35)
	expression : expression . '-' expression  (36)
	expression : expression . '%' expression  (37)
	expression : expression '%' expression .  (37)
	expression : expression . POTENTIAL expression  (40)
	expression : expression . DOUBLEEQUALS expression  (41)
	expression : expression . '>' expression  (42)
	expression : expression . GEQ expression  (43)
	expression : expression . '<' expression  (44)
	expression : expression . LEQ expression  (45)
	expression : expression . DIFFERENT expression  (46)
	expression : expression . AND expression  (47)
	expression : expression . OR expression  (48)
	expression : expression . '.' expression  (53)
	ternary : expression . '?' expression ':' expression  (69)
	array : expression . '[' expression ']'  (93)
	assignment : expression . '=' expression  (102)

	POTENTIAL  shift 147
	'['  shift 148
	'.'  shift 149
	LEQ  reduce 37
	GEQ  reduce 37
	DOUBLEEQUALS  reduce 37
	DIFFERENT  reduce 37
	AND  reduce 37
	OR  reduce 37
	INC  reduce 37
	DEC  reduce 37
	DIVIDEEQUALS  reduce 37
	TIMESEQUALS  reduce 37
	MINUSEQUALS  reduce 37
	PLUSEQUALS  reduce 37
	'='  reduce 37
	'?'  reduce 37
	':'  reduce 37
	'>'  reduce 37
	'<'  reduce 37
	'+'  reduce 37
	'-'  reduce 37
	'*'  reduce 37
	'/'  reduce 37
	'%'  reduce 37
	']'  reduce 37
	')'  reduce 37
	','  reduce 37
	';'  reduce 37


state 185
	expression : expression . '+' expression  (33)
	expression : expression . '*' expression  (34)
	expression : expression . '/' expression  (35)
	expression : expression . '-' expression  (36)
	expression : expression . '%' expression  (37)
	expression : expression . POTENTIAL expression  (40)
	expression : expression POTENTIAL expression .  (40)
	expression : expression . DOUBLEEQUALS expression  (41)
	expression : expression . '>' expression  (42)
	expression : expression . GEQ expression  (43)
	expression : expression . '<' expression  (44)
	expression : expression . LEQ expression  (45)
	expression : expression . DIFFERENT expression  (46)
	expression : expression . AND expression  (47)
	expression : expression . OR expression  (48)
	expression : expression . '.' expression  (53)
	ternary : expression . '?' expression ':' expression  (69)
	array : expression . '[' expression ']'  (93)
	assignment : expression . '=' expression  (102)

	'['  shift 148
	'.'  shift 149
	LEQ  reduce 40
	GEQ  reduce 40
	DOUBLEEQUALS  reduce 40
	DIFFERENT  reduce 40
	AND  reduce 40
	OR  reduce 40
	INC  reduce 40
	DEC  reduce 40
	DIVIDEEQUALS  reduce 40
	TIMESEQUALS  reduce 40
	MINUSEQUALS  reduce 40
	PLUSEQUALS  reduce 40
	'='  reduce 40
	'?'  reduce 40
	':'  reduce 40
	'>'  reduce 40
	'<'  reduce 40
	'+'  reduce 40
	'-'  reduce 40
	'*'  reduce 40
	'/'  reduce 40
	'%'  reduce 40
	POTENTIAL  reduce 40
	']'  reduce 40
	')'  reduce 40
	','  reduce 40
	';'  reduce 40


state 186
	expression : expression . '+' expression  (33)
	expression : expression . '*' expression  (34)
	expression : expression . '/' expression  (35)
	expression : expression . '-' expression  (36)
	expression : expression . '%' expression  (37)
	expression : expression . POTENTIAL expression  (40)
	expression : expression . DOUBLEEQUALS expression  (41)
	expression : expression . '>' expression  (42)
	expression : expression . GEQ expression  (43)
	expression : expression . '<' expression  (44)
	expression : expression . LEQ expression  (45)
	expression : expression . DIFFERENT expression  (46)
	expression : expression . AND expression  (47)
	expression : expression . OR expression  (48)
	expression : expression . '.' expression  (53)
	ternary : expression . '?' expression ':' expression  (69)
	array : expression . '[' expression ']'  (93)
	array : expression '[' expression . ']'  (93)
	assignment : expression . '=' expression  (102)

	LEQ  shift 126
	GEQ  shift 127
	DOUBLEEQUALS  shift 128
	DIFFERENT  shift 129
	AND  shift 130
	OR  shift 131
	'='  shift 138
	'?'  shift 139
	'>'  shift 140
	'<'  shift 141
	'+'  shift 142
	'-'  shift 143
	'*'  shift 144
	'/'  shift 145
	'%'  shift 146
	POTENTIAL  shift 147
	'['  shift 148
	']'  shift 198
	'.'  shift 149
	.  error


state 187
	expression : expression . '+' expression  (33)
	expression : expression . '*' expression  (34)
	expression : expression . '/' expression  (35)
	expression : expression . '-' expression  (36)
	expression : expression . '%' expression  (37)
	expression : expression . POTENTIAL expression  (40)
	expression : expression . DOUBLEEQUALS expression  (41)
	expression : expression . '>' expression  (42)
	expression : expression . GEQ expression  (43)
	expression : expression . '<' expression  (44)
	expression : expression . LEQ expression  (45)
	expression : expression . DIFFERENT expression  (46)
	expression : expression . AND expression  (47)
	expression : expression . OR expression  (48)
	expression : expression . '.' expression  (53)
	expression : expression '.' expression .  (53)
	ternary : expression . '?' expression ':' expression  (69)
	array : expression . '[' expression ']'  (93)
	assignment : expression . '=' expression  (102)

	.  reduce 53


state 188
	function_invocation : ID '(' listOfExpressions ')' .  (8)

	.  reduce 8


state 189
	expression : expression . '+' expression  (33)
	expression : expression . '*' expression  (34)
	expression : expression . '/' expression  (35)
	expression : expression . '-' expression  (36)
	expression : expression . '%' expression  (37)
	expression : expression . POTENTIAL expression  (40)
	expression : expression . DOUBLEEQUALS expression  (41)
	expression : expression . '>' expression  (42)
	expression : expression . GEQ expression  (43)
	expression : expression . '<' expression  (44)
	expression : expression . LEQ expression  (45)
	expression : expression . DIFFERENT expression  (46)
	expression : expression . AND expression  (47)
	expression : expression . OR expression  (48)
	expression : expression . '.' expression  (53)
	ternary : expression . '?' expression ':' expression  (69)
	listOfExpressions : listOfExpressions ',' expression .  (86)
	array : expression . '[' expression ']'  (93)
	assignment : expression . '=' expression  (102)

	LEQ  shift 126
	GEQ  shift 127
	DOUBLEEQUALS  shift 128
	DIFFERENT  shift 129
	AND  shift 130
	OR  shift 131
	'='  shift 138
	'?'  shift 139
	'>'  shift 140
	'<'  shift 141
	'+'  shift 142
	'-'  shift 143
	'*'  shift 144
	'/'  shift 145
	'%'  shift 146
	POTENTIAL  shift 147
	'['  shift 148
	'.'  shift 149
	')'  reduce 86
	','  reduce 86
	';'  reduce 86


state 190
	if_else : IF '(' expression ')' . body ELSE body  (67)
	if_else : IF '(' expression ')' . body  (68)
	increment : .  (60)

	INT_CONSTANT  shift 77
	CHAR_CONSTANT  shift 78
	REAL_CONSTANT  shift 79
	ID  shift 80
	WRITE  shift 81
	READ  shift 82
	IF  shift 83
	WHILE  shift 84
	RETURN  shift 85
	FOR  shift 86
	DO  shift 87
	SWITCH  shift 88
	'!'  shift 89
	'-'  shift 90
	'('  shift 91
	'{'  shift 118
	';'  reduce 60

	function_invocation  goto 92
	statement  goto 119
	expression  goto 94
	read  goto 95
	increment  goto 96
	write  goto 97
	if_else  goto 98
	while  goto 99
	for  goto 100
	switch  goto 101
	do_while  goto 102
	return  goto 103
	assignment  goto 104
	ternary  goto 105
	cast  goto 106
	array  goto 107
	body  goto 199


state 191
	while : WHILE '(' expression ')' . body  (72)
	increment : .  (60)

	INT_CONSTANT  shift 77
	CHAR_CONSTANT  shift 78
	REAL_CONSTANT  shift 79
	ID  shift 80
	WRITE  shift 81
	READ  shift 82
	IF  shift 83
	WHILE  shift 84
	RETURN  shift 85
	FOR  shift 86
	DO  shift 87
	SWITCH  shift 88
	'!'  shift 89
	'-'  shift 90
	'('  shift 91
	'{'  shift 118
	';'  reduce 60

	function_invocation  goto 92
	statement  goto 119
	expression  goto 94
	read  goto 95
	increment  goto 96
	write  goto 97
	if_else  goto 98
	while  goto 99
	for  goto 100
	switch  goto 101
	do_while  goto 102
	return  goto 103
	assignment  goto 104
	ternary  goto 105
	cast  goto 106
	array  goto 107
	body  goto 200


state 192
	expression : expression . '+' expression  (33)
	expression : expression . '*' expression  (34)
	expression : expression . '/' expression  (35)
	expression : expression . '-' expression  (36)
	expression : expression . '%' expression  (37)
	expression : expression . POTENTIAL expression  (40)
	expression : expression . DOUBLEEQUALS expression  (41)
	expression : expression . '>' expression  (42)
	expression : expression . GEQ expression  (43)
	expression : expression . '<' expression  (44)
	expression : expression . LEQ expression  (45)
	expression : expression . DIFFERENT expression  (46)
	expression : expression . AND expression  (47)
	expression : expression . OR expression  (48)
	expression : expression . '.' expression  (53)
	ternary : expression . '?' expression ':' expression  (69)
	for : FOR '(' statement expression . ';' increment ')' body  (74)
	array : expression . '[' expression ']'  (93)
	assignment : expression . '=' expression  (102)

	LEQ  shift 126
	GEQ  shift 127
	DOUBLEEQUALS  shift 128
	DIFFERENT  shift 129
	AND  shift 130
	OR  shift 131
	'='  shift 138
	'?'  shift 139
	'>'  shift 140
	'<'  shift 141
	'+'  shift 142
	'-'  shift 143
	'*'  shift 144
	'/'  shift 145
	'%'  shift 146
	POTENTIAL  shift 147
	'['  shift 148
	'.'  shift 149
	';'  shift 201
	.  error


state 193
	body : '{' listOfStatements '}' .  (70)

	.  reduce 70


state 194
	do_while : DO body WHILE '(' . expression ')'  (73)

	INT_CONSTANT  shift 77
	CHAR_CONSTANT  shift 78
	REAL_CONSTANT  shift 79
	ID  shift 80
	'!'  shift 89
	'-'  shift 90
	'('  shift 91
	.  error

	function_invocation  goto 92
	expression  goto 202
	assignment  goto 104
	ternary  goto 105
	cast  goto 106
	array  goto 107


state 195
	switch : SWITCH '(' expression ')' . '{' switch_body '}'  (75)

	'{'  shift 203
	.  error


state 196
	expression : expression . '+' expression  (33)
	expression : expression . '*' expression  (34)
	expression : expression . '/' expression  (35)
	expression : expression . '-' expression  (36)
	expression : expression . '%' expression  (37)
	expression : expression . POTENTIAL expression  (40)
	expression : expression . DOUBLEEQUALS expression  (41)
	expression : expression . '>' expression  (42)
	expression : expression . GEQ expression  (43)
	expression : expression . '<' expression  (44)
	expression : expression . LEQ expression  (45)
	expression : expression . DIFFERENT expression  (46)
	expression : expression . AND expression  (47)
	expression : expression . OR expression  (48)
	expression : expression . '.' expression  (53)
	ternary : expression . '?' expression ':' expression  (69)
	cast : '(' built_in_type ')' expression .  (85)
	array : expression . '[' expression ']'  (93)
	assignment : expression . '=' expression  (102)

	'['  shift 148
	'.'  shift 149
	LEQ  reduce 85
	GEQ  reduce 85
	DOUBLEEQUALS  reduce 85
	DIFFERENT  reduce 85
	AND  reduce 85
	OR  reduce 85
	INC  reduce 85
	DEC  reduce 85
	DIVIDEEQUALS  reduce 85
	TIMESEQUALS  reduce 85
	MINUSEQUALS  reduce 85
	PLUSEQUALS  reduce 85
	'='  reduce 85
	'?'  reduce 85
	':'  reduce 85
	'>'  reduce 85
	'<'  reduce 85
	'+'  reduce 85
	'-'  reduce 85
	'*'  reduce 85
	'/'  reduce 85
	'%'  reduce 85
	POTENTIAL  reduce 85
	']'  reduce 85
	')'  reduce 85
	','  reduce 85
	';'  reduce 85


state 197
	ternary : expression '?' expression ':' . expression  (69)

	INT_CONSTANT  shift 77
	CHAR_CONSTANT  shift 78
	REAL_CONSTANT  shift 79
	ID  shift 80
	'!'  shift 89
	'-'  shift 90
	'('  shift 91
	.  error

	function_invocation  goto 92
	expression  goto 204
	assignment  goto 104
	ternary  goto 105
	cast  goto 106
	array  goto 107


state 198
	array : expression '[' expression ']' .  (93)

	.  reduce 93


state 199
	if_else : IF '(' expression ')' body . ELSE body  (67)
	if_else : IF '(' expression ')' body .  (68)

	ELSE  shift 205
	INT_CONSTANT  reduce 68
	CHAR_CONSTANT  reduce 68
	REAL_CONSTANT  reduce 68
	ID  reduce 68
	WRITE  reduce 68
	READ  reduce 68
	IF  reduce 68
	WHILE  reduce 68
	RETURN  reduce 68
	FOR  reduce 68
	DO  reduce 68
	SWITCH  reduce 68
	CASE  reduce 68
	DEFAULT  reduce 68
	BREAK  reduce 68
	'!'  reduce 68
	'-'  reduce 68
	'('  reduce 68
	'}'  reduce 68
	';'  reduce 68


state 200
	while : WHILE '(' expression ')' body .  (72)

	.  reduce 72


state 201
	for : FOR '(' statement expression ';' . increment ')' body  (74)
	increment : .  (60)

	INT_CONSTANT  shift 77
	CHAR_CONSTANT  shift 78
	REAL_CONSTANT  shift 79
	ID  shift 80
	'!'  shift 89
	'-'  shift 90
	'('  shift 91
	')'  reduce 60

	function_invocation  goto 92
	expression  goto 206
	increment  goto 207
	assignment  goto 104
	ternary  goto 105
	cast  goto 106
	array  goto 107


state 202
	expression : expression . '+' expression  (33)
	expression : expression . '*' expression  (34)
	expression : expression . '/' expression  (35)
	expression : expression . '-' expression  (36)
	expression : expression . '%' expression  (37)
	expression : expression . POTENTIAL expression  (40)
	expression : expression . DOUBLEEQUALS expression  (41)
	expression : expression . '>' expression  (42)
	expression : expression . GEQ expression  (43)
	expression : expression . '<' expression  (44)
	expression : expression . LEQ expression  (45)
	expression : expression . DIFFERENT expression  (46)
	expression : expression . AND expression  (47)
	expression : expression . OR expression  (48)
	expression : expression . '.' expression  (53)
	ternary : expression . '?' expression ':' expression  (69)
	do_while : DO body WHILE '(' expression . ')'  (73)
	array : expression . '[' expression ']'  (93)
	assignment : expression . '=' expression  (102)

	LEQ  shift 126
	GEQ  shift 127
	DOUBLEEQUALS  shift 128
	DIFFERENT  shift 129
	AND  shift 130
	OR  shift 131
	'='  shift 138
	'?'  shift 139
	'>'  shift 140
	'<'  shift 141
	'+'  shift 142
	'-'  shift 143
	'*'  shift 144
	'/'  shift 145
	'%'  shift 146
	POTENTIAL  shift 147
	'['  shift 148
	'.'  shift 149
	')'  shift 208
	.  error


state 203
	switch : SWITCH '(' expression ')' '{' . switch_body '}'  (75)

	CASE  shift 209
	.  error

	switch_body  goto 210
	listOfCases  goto 211
	case  goto 212


state 204
	expression : expression . '+' expression  (33)
	expression : expression . '*' expression  (34)
	expression : expression . '/' expression  (35)
	expression : expression . '-' expression  (36)
	expression : expression . '%' expression  (37)
	expression : expression . POTENTIAL expression  (40)
	expression : expression . DOUBLEEQUALS expression  (41)
	expression : expression . '>' expression  (42)
	expression : expression . GEQ expression  (43)
	expression : expression . '<' expression  (44)
	expression : expression . LEQ expression  (45)
	expression : expression . DIFFERENT expression  (46)
	expression : expression . AND expression  (47)
	expression : expression . OR expression  (48)
	expression : expression . '.' expression  (53)
	ternary : expression . '?' expression ':' expression  (69)
	ternary : expression '?' expression ':' expression .  (69)
	array : expression . '[' expression ']'  (93)
	assignment : expression . '=' expression  (102)

	LEQ  shift 126
	GEQ  shift 127
	DOUBLEEQUALS  shift 128
	DIFFERENT  shift 129
	AND  shift 130
	OR  shift 131
	'?'  shift 139
	'>'  shift 140
	'<'  shift 141
	'+'  shift 142
	'-'  shift 143
	'*'  shift 144
	'/'  shift 145
	'%'  shift 146
	POTENTIAL  shift 147
	'['  shift 148
	'.'  shift 149
	INC  reduce 69
	DEC  reduce 69
	DIVIDEEQUALS  reduce 69
	TIMESEQUALS  reduce 69
	MINUSEQUALS  reduce 69
	PLUSEQUALS  reduce 69
	'='  reduce 69
	':'  reduce 69
	']'  reduce 69
	')'  reduce 69
	','  reduce 69
	';'  reduce 69


state 205
	if_else : IF '(' expression ')' body ELSE . body  (67)
	increment : .  (60)

	INT_CONSTANT  shift 77
	CHAR_CONSTANT  shift 78
	REAL_CONSTANT  shift 79
	ID  shift 80
	WRITE  shift 81
	READ  shift 82
	IF  shift 83
	WHILE  shift 84
	RETURN  shift 85
	FOR  shift 86
	DO  shift 87
	SWITCH  shift 88
	'!'  shift 89
	'-'  shift 90
	'('  shift 91
	'{'  shift 118
	';'  reduce 60

	function_invocation  goto 92
	statement  goto 119
	expression  goto 94
	read  goto 95
	increment  goto 96
	write  goto 97
	if_else  goto 98
	while  goto 99
	for  goto 100
	switch  goto 101
	do_while  goto 102
	return  goto 103
	assignment  goto 104
	ternary  goto 105
	cast  goto 106
	array  goto 107
	body  goto 213


state 206
	expression : expression . '+' expression  (33)
	expression : expression . '*' expression  (34)
	expression : expression . '/' expression  (35)
	expression : expression . '-' expression  (36)
	expression : expression . '%' expression  (37)
	expression : expression . POTENTIAL expression  (40)
	expression : expression . DOUBLEEQUALS expression  (41)
	expression : expression . '>' expression  (42)
	expression : expression . GEQ expression  (43)
	expression : expression . '<' expression  (44)
	expression : expression . LEQ expression  (45)
	expression : expression . DIFFERENT expression  (46)
	expression : expression . AND expression  (47)
	expression : expression . OR expression  (48)
	expression : expression . '.' expression  (53)
	increment : expression . INC  (61)
	increment : expression . DEC  (62)
	increment : expression . PLUSEQUALS expression  (63)
	increment : expression . MINUSEQUALS expression  (64)
	increment : expression . TIMESEQUALS expression  (65)
	increment : expression . DIVIDEEQUALS expression  (66)
	ternary : expression . '?' expression ':' expression  (69)
	array : expression . '[' expression ']'  (93)
	assignment : expression . '=' expression  (102)

	LEQ  shift 126
	GEQ  shift 127
	DOUBLEEQUALS  shift 128
	DIFFERENT  shift 129
	AND  shift 130
	OR  shift 131
	INC  shift 132
	DEC  shift 133
	DIVIDEEQUALS  shift 134
	TIMESEQUALS  shift 135
	MINUSEQUALS  shift 136
	PLUSEQUALS  shift 137
	'='  shift 138
	'?'  shift 139
	'>'  shift 140
	'<'  shift 141
	'+'  shift 142
	'-'  shift 143
	'*'  shift 144
	'/'  shift 145
	'%'  shift 146
	POTENTIAL  shift 147
	'['  shift 148
	'.'  shift 149
	.  error


state 207
	for : FOR '(' statement expression ';' increment . ')' body  (74)

	')'  shift 214
	.  error


state 208
	do_while : DO body WHILE '(' expression ')' .  (73)

	.  reduce 73


state 209
	case : CASE . expression ':' listOfStatements break  (82)
	case : CASE . expression ':' listOfStatements  (83)

	INT_CONSTANT  shift 77
	CHAR_CONSTANT  shift 78
	REAL_CONSTANT  shift 79
	ID  shift 80
	'!'  shift 89
	'-'  shift 90
	'('  shift 91
	.  error

	function_invocation  goto 92
	expression  goto 215
	assignment  goto 104
	ternary  goto 105
	cast  goto 106
	array  goto 107


state 210
	switch : SWITCH '(' expression ')' '{' switch_body . '}'  (75)

	'}'  shift 216
	.  error


state 211
	switch_body : listOfCases .  (76)
	switch_body : listOfCases . default_case  (77)
	listOfCases : listOfCases . case  (80)

	CASE  shift 209
	DEFAULT  shift 217
	'}'  reduce 76

	default_case  goto 218
	case  goto 219


state 212
	listOfCases : case .  (81)

	.  reduce 81


state 213
	if_else : IF '(' expression ')' body ELSE body .  (67)

	.  reduce 67


state 214
	for : FOR '(' statement expression ';' increment ')' . body  (74)
	increment : .  (60)

	INT_CONSTANT  shift 77
	CHAR_CONSTANT  shift 78
	REAL_CONSTANT  shift 79
	ID  shift 80
	WRITE  shift 81
	READ  shift 82
	IF  shift 83
	WHILE  shift 84
	RETURN  shift 85
	FOR  shift 86
	DO  shift 87
	SWITCH  shift 88
	'!'  shift 89
	'-'  shift 90
	'('  shift 91
	'{'  shift 118
	';'  reduce 60

	function_invocation  goto 92
	statement  goto 119
	expression  goto 94
	read  goto 95
	increment  goto 96
	write  goto 97
	if_else  goto 98
	while  goto 99
	for  goto 100
	switch  goto 101
	do_while  goto 102
	return  goto 103
	assignment  goto 104
	ternary  goto 105
	cast  goto 106
	array  goto 107
	body  goto 220


state 215
	expression : expression . '+' expression  (33)
	expression : expression . '*' expression  (34)
	expression : expression . '/' expression  (35)
	expression : expression . '-' expression  (36)
	expression : expression . '%' expression  (37)
	expression : expression . POTENTIAL expression  (40)
	expression : expression . DOUBLEEQUALS expression  (41)
	expression : expression . '>' expression  (42)
	expression : expression . GEQ expression  (43)
	expression : expression . '<' expression  (44)
	expression : expression . LEQ expression  (45)
	expression : expression . DIFFERENT expression  (46)
	expression : expression . AND expression  (47)
	expression : expression . OR expression  (48)
	expression : expression . '.' expression  (53)
	ternary : expression . '?' expression ':' expression  (69)
	case : CASE expression . ':' listOfStatements break  (82)
	case : CASE expression . ':' listOfStatements  (83)
	array : expression . '[' expression ']'  (93)
	assignment : expression . '=' expression  (102)

	LEQ  shift 126
	GEQ  shift 127
	DOUBLEEQUALS  shift 128
	DIFFERENT  shift 129
	AND  shift 130
	OR  shift 131
	'='  shift 138
	'?'  shift 139
	':'  shift 221
	'>'  shift 140
	'<'  shift 141
	'+'  shift 142
	'-'  shift 143
	'*'  shift 144
	'/'  shift 145
	'%'  shift 146
	POTENTIAL  shift 147
	'['  shift 148
	'.'  shift 149
	.  error


state 216
	switch : SWITCH '(' expression ')' '{' switch_body '}' .  (75)

	.  reduce 75


state 217
	default_case : DEFAULT . ':' listOfStatements break  (78)
	default_case : DEFAULT . ':' listOfStatements  (79)

	':'  shift 222
	.  error


state 218
	switch_body : listOfCases default_case .  (77)

	.  reduce 77


state 219
	listOfCases : listOfCases case .  (80)

	.  reduce 80


state 220
	for : FOR '(' statement expression ';' increment ')' body .  (74)

	.  reduce 74


state 221
	case : CASE expression ':' . listOfStatements break  (82)
	case : CASE expression ':' . listOfStatements  (83)
	listOfStatements : .  (17)

	.  reduce 17

	listOfStatements  goto 223


state 222
	default_case : DEFAULT ':' . listOfStatements break  (78)
	default_case : DEFAULT ':' . listOfStatements  (79)
	listOfStatements : .  (17)

	.  reduce 17

	listOfStatements  goto 224


state 223
	listOfStatements : listOfStatements . statement  (16)
	case : CASE expression ':' listOfStatements . break  (82)
	case : CASE expression ':' listOfStatements .  (83)
	increment : .  (60)

	INT_CONSTANT  shift 77
	CHAR_CONSTANT  shift 78
	REAL_CONSTANT  shift 79
	ID  shift 80
	WRITE  shift 81
	READ  shift 82
	IF  shift 83
	WHILE  shift 84
	RETURN  shift 85
	FOR  shift 86
	DO  shift 87
	SWITCH  shift 88
	BREAK  shift 225
	'!'  shift 89
	'-'  shift 90
	'('  shift 91
	CASE  reduce 83
	DEFAULT  reduce 83
	'}'  reduce 83
	';'  reduce 60

	function_invocation  goto 92
	statement  goto 93
	expression  goto 94
	read  goto 95
	increment  goto 96
	write  goto 97
	if_else  goto 98
	while  goto 99
	for  goto 100
	switch  goto 101
	do_while  goto 102
	return  goto 103
	assignment  goto 104
	ternary  goto 105
	cast  goto 106
	array  goto 107
	break  goto 226


state 224
	listOfStatements : listOfStatements . statement  (16)
	default_case : DEFAULT ':' listOfStatements . break  (78)
	default_case : DEFAULT ':' listOfStatements .  (79)
	increment : .  (60)

	INT_CONSTANT  shift 77
	CHAR_CONSTANT  shift 78
	REAL_CONSTANT  shift 79
	ID  shift 80
	WRITE  shift 81
	READ  shift 82
	IF  shift 83
	WHILE  shift 84
	RETURN  shift 85
	FOR  shift 86
	DO  shift 87
	SWITCH  shift 88
	BREAK  shift 225
	'!'  shift 89
	'-'  shift 90
	'('  shift 91
	'}'  reduce 79
	';'  reduce 60

	function_invocation  goto 92
	statement  goto 93
	expression  goto 94
	read  goto 95
	increment  goto 96
	write  goto 97
	if_else  goto 98
	while  goto 99
	for  goto 100
	switch  goto 101
	do_while  goto 102
	return  goto 103
	assignment  goto 104
	ternary  goto 105
	cast  goto 106
	array  goto 107
	break  goto 227


state 225
	break : BREAK . ';'  (84)

	';'  shift 228
	.  error


state 226
	case : CASE expression ':' listOfStatements break .  (82)

	.  reduce 82


state 227
	default_case : DEFAULT ':' listOfStatements break .  (78)

	.  reduce 78


state 228
	break : BREAK ';' .  (84)

	.  reduce 84


62 terminals, 41 nonterminals
107 grammar rules, 229 states
