   0  $accept : final $end

   1  final : program

   2  program : program_body main

   3  program_body : program_body variable
   4               | program_body function
   5               |

   6  function : typed_function
   7           | void_function

   8  function_invocation : ID '(' listOfExpressions ')'
   9                      | ID '(' ')'

  10  typed_function : built_in_type ID '(' listOfParameters ')' '{' function_body '}'
  11                 | built_in_type ID '(' ')' '{' function_body '}'

  12  void_function : VOID ID '(' listOfParameters ')' '{' function_body '}'
  13                | VOID ID '(' ')' '{' function_body '}'

  14  main : VOID MAIN '(' ')' '{' function_body '}'

  15  function_body : listOfVariables listOfStatements

  16  listOfStatements : listOfStatements statement
  17                   |

  18  listOfParameters : listOfParameters ',' parameter
  19                   | parameter

  20  parameter : built_in_type ID

  21  statement : expression ';'
  22            | read ';'
  23            | increment ';'
  24            | write ';'
  25            | assignment ';'
  26            | if_else
  27            | while
  28            | for
  29            | do_while
  30            | return ';'

  31  expression : expression '+' expression
  32             | expression '*' expression
  33             | expression '/' expression
  34             | expression '-' expression
  35             | expression '%' expression
  36             | expression POTENTIAL expression
  37             | expression DOUBLEEQUALS expression
  38             | expression '>' expression
  39             | expression GEQ expression
  40             | expression '<' expression
  41             | expression LEQ expression
  42             | expression DIFFERENT expression
  43             | expression AND expression
  44             | expression OR expression
  45             | '-' expression
  46             | '!' expression
  47             | function_invocation
  48             | '(' expression ')'
  49             | expression '.' expression
  50             | cast
  51             | array
  52             | INT_CONSTANT
  53             | REAL_CONSTANT
  54             | CHAR_CONSTANT
  55             | ID

  56  increment :
  57            | expression INC
  58            | expression DEC
  59            | expression PLUSEQUALS expression
  60            | expression MINUSEQUALS expression
  61            | expression TIMESEQUALS expression
  62            | expression DIVIDEEQUALS expression

  63  if_else : IF '(' expression ')' body ELSE body
  64          | IF '(' expression ')' body

  65  body : '{' listOfStatements '}'
  66       | statement

  67  while : WHILE '(' expression ')' body

  68  do_while : DO body WHILE '(' expression ')'

  69  for : FOR '(' statement expression ';' increment ')' body

  70  cast : '(' built_in_type ')' expression

  71  listOfExpressions : listOfExpressions ',' expression
  72                    | expression

  73  listOfIds : listOfIds ',' ID
  74            | ID

  75  built_in_type : CHAR
  76                | INT
  77                | DOUBLE

  78  array : expression '[' expression ']'

  79  array_creation : array_creation '[' INT_CONSTANT ']'
  80                 | built_in_type '[' INT_CONSTANT ']'
  81                 | struct '[' INT_CONSTANT ']'

  82  variable : built_in_type listOfIds ';'
  83           | array_creation listOfIds ';'
  84           | struct listOfIds ';'

  85  listOfVariables : listOfVariables variable
  86                  |

  87  assignment : expression '=' expression

  88  read : READ listOfExpressions

  89  write : WRITE listOfExpressions

  90  struct : STRUCT '{' listOfVariables '}'

  91  return : RETURN expression

state 0
	$accept : . final $end  (0)
	program_body : .  (5)

	.  reduce 5

	final  goto 1
	program  goto 2
	program_body  goto 3


state 1
	$accept : final . $end  (0)

	$end  accept


state 2
	final : program .  (1)

	.  reduce 1


state 3
	program : program_body . main  (2)
	program_body : program_body . variable  (3)
	program_body : program_body . function  (4)

	VOID  shift 4
	CHAR  shift 5
	DOUBLE  shift 6
	INT  shift 7
	STRUCT  shift 8
	.  error

	main  goto 9
	variable  goto 10
	function  goto 11
	typed_function  goto 12
	void_function  goto 13
	built_in_type  goto 14
	array_creation  goto 15
	struct  goto 16


state 4
	void_function : VOID . ID '(' listOfParameters ')' '{' function_body '}'  (12)
	void_function : VOID . ID '(' ')' '{' function_body '}'  (13)
	main : VOID . MAIN '(' ')' '{' function_body '}'  (14)

	ID  shift 17
	MAIN  shift 18
	.  error


state 5
	built_in_type : CHAR .  (75)

	.  reduce 75


state 6
	built_in_type : DOUBLE .  (77)

	.  reduce 77


state 7
	built_in_type : INT .  (76)

	.  reduce 76


state 8
	struct : STRUCT . '{' listOfVariables '}'  (90)

	'{'  shift 19
	.  error


state 9
	program : program_body main .  (2)

	.  reduce 2


state 10
	program_body : program_body variable .  (3)

	.  reduce 3


state 11
	program_body : program_body function .  (4)

	.  reduce 4


state 12
	function : typed_function .  (6)

	.  reduce 6


state 13
	function : void_function .  (7)

	.  reduce 7


state 14
	typed_function : built_in_type . ID '(' listOfParameters ')' '{' function_body '}'  (10)
	typed_function : built_in_type . ID '(' ')' '{' function_body '}'  (11)
	array_creation : built_in_type . '[' INT_CONSTANT ']'  (80)
	variable : built_in_type . listOfIds ';'  (82)

	ID  shift 20
	'['  shift 21
	.  error

	listOfIds  goto 22


state 15
	array_creation : array_creation . '[' INT_CONSTANT ']'  (79)
	variable : array_creation . listOfIds ';'  (83)

	ID  shift 23
	'['  shift 24
	.  error

	listOfIds  goto 25


state 16
	array_creation : struct . '[' INT_CONSTANT ']'  (81)
	variable : struct . listOfIds ';'  (84)

	ID  shift 23
	'['  shift 26
	.  error

	listOfIds  goto 27


state 17
	void_function : VOID ID . '(' listOfParameters ')' '{' function_body '}'  (12)
	void_function : VOID ID . '(' ')' '{' function_body '}'  (13)

	'('  shift 28
	.  error


state 18
	main : VOID MAIN . '(' ')' '{' function_body '}'  (14)

	'('  shift 29
	.  error


state 19
	struct : STRUCT '{' . listOfVariables '}'  (90)
	listOfVariables : .  (86)

	.  reduce 86

	listOfVariables  goto 30


state 20
	typed_function : built_in_type ID . '(' listOfParameters ')' '{' function_body '}'  (10)
	typed_function : built_in_type ID . '(' ')' '{' function_body '}'  (11)
	listOfIds : ID .  (74)

	'('  shift 31
	','  reduce 74
	';'  reduce 74


state 21
	array_creation : built_in_type '[' . INT_CONSTANT ']'  (80)

	INT_CONSTANT  shift 32
	.  error


state 22
	listOfIds : listOfIds . ',' ID  (73)
	variable : built_in_type listOfIds . ';'  (82)

	','  shift 33
	';'  shift 34
	.  error


state 23
	listOfIds : ID .  (74)

	.  reduce 74


state 24
	array_creation : array_creation '[' . INT_CONSTANT ']'  (79)

	INT_CONSTANT  shift 35
	.  error


state 25
	listOfIds : listOfIds . ',' ID  (73)
	variable : array_creation listOfIds . ';'  (83)

	','  shift 33
	';'  shift 36
	.  error


state 26
	array_creation : struct '[' . INT_CONSTANT ']'  (81)

	INT_CONSTANT  shift 37
	.  error


state 27
	listOfIds : listOfIds . ',' ID  (73)
	variable : struct listOfIds . ';'  (84)

	','  shift 33
	';'  shift 38
	.  error


state 28
	void_function : VOID ID '(' . listOfParameters ')' '{' function_body '}'  (12)
	void_function : VOID ID '(' . ')' '{' function_body '}'  (13)

	CHAR  shift 5
	DOUBLE  shift 6
	INT  shift 7
	')'  shift 39
	.  error

	built_in_type  goto 40
	listOfParameters  goto 41
	parameter  goto 42


state 29
	main : VOID MAIN '(' . ')' '{' function_body '}'  (14)

	')'  shift 43
	.  error


state 30
	listOfVariables : listOfVariables . variable  (85)
	struct : STRUCT '{' listOfVariables . '}'  (90)

	CHAR  shift 5
	DOUBLE  shift 6
	INT  shift 7
	STRUCT  shift 8
	'}'  shift 44
	.  error

	variable  goto 45
	built_in_type  goto 46
	array_creation  goto 15
	struct  goto 16


state 31
	typed_function : built_in_type ID '(' . listOfParameters ')' '{' function_body '}'  (10)
	typed_function : built_in_type ID '(' . ')' '{' function_body '}'  (11)

	CHAR  shift 5
	DOUBLE  shift 6
	INT  shift 7
	')'  shift 47
	.  error

	built_in_type  goto 40
	listOfParameters  goto 48
	parameter  goto 42


state 32
	array_creation : built_in_type '[' INT_CONSTANT . ']'  (80)

	']'  shift 49
	.  error


state 33
	listOfIds : listOfIds ',' . ID  (73)

	ID  shift 50
	.  error


state 34
	variable : built_in_type listOfIds ';' .  (82)

	.  reduce 82


state 35
	array_creation : array_creation '[' INT_CONSTANT . ']'  (79)

	']'  shift 51
	.  error


state 36
	variable : array_creation listOfIds ';' .  (83)

	.  reduce 83


state 37
	array_creation : struct '[' INT_CONSTANT . ']'  (81)

	']'  shift 52
	.  error


state 38
	variable : struct listOfIds ';' .  (84)

	.  reduce 84


state 39
	void_function : VOID ID '(' ')' . '{' function_body '}'  (13)

	'{'  shift 53
	.  error


state 40
	parameter : built_in_type . ID  (20)

	ID  shift 54
	.  error


state 41
	void_function : VOID ID '(' listOfParameters . ')' '{' function_body '}'  (12)
	listOfParameters : listOfParameters . ',' parameter  (18)

	')'  shift 55
	','  shift 56
	.  error


state 42
	listOfParameters : parameter .  (19)

	.  reduce 19


state 43
	main : VOID MAIN '(' ')' . '{' function_body '}'  (14)

	'{'  shift 57
	.  error


state 44
	struct : STRUCT '{' listOfVariables '}' .  (90)

	.  reduce 90


state 45
	listOfVariables : listOfVariables variable .  (85)

	.  reduce 85


state 46
	array_creation : built_in_type . '[' INT_CONSTANT ']'  (80)
	variable : built_in_type . listOfIds ';'  (82)

	ID  shift 23
	'['  shift 21
	.  error

	listOfIds  goto 22


state 47
	typed_function : built_in_type ID '(' ')' . '{' function_body '}'  (11)

	'{'  shift 58
	.  error


state 48
	typed_function : built_in_type ID '(' listOfParameters . ')' '{' function_body '}'  (10)
	listOfParameters : listOfParameters . ',' parameter  (18)

	')'  shift 59
	','  shift 56
	.  error


state 49
	array_creation : built_in_type '[' INT_CONSTANT ']' .  (80)

	.  reduce 80


state 50
	listOfIds : listOfIds ',' ID .  (73)

	.  reduce 73


state 51
	array_creation : array_creation '[' INT_CONSTANT ']' .  (79)

	.  reduce 79


state 52
	array_creation : struct '[' INT_CONSTANT ']' .  (81)

	.  reduce 81


state 53
	void_function : VOID ID '(' ')' '{' . function_body '}'  (13)
	listOfVariables : .  (86)

	.  reduce 86

	function_body  goto 60
	listOfVariables  goto 61


state 54
	parameter : built_in_type ID .  (20)

	.  reduce 20


state 55
	void_function : VOID ID '(' listOfParameters ')' . '{' function_body '}'  (12)

	'{'  shift 62
	.  error


state 56
	listOfParameters : listOfParameters ',' . parameter  (18)

	CHAR  shift 5
	DOUBLE  shift 6
	INT  shift 7
	.  error

	built_in_type  goto 40
	parameter  goto 63


state 57
	main : VOID MAIN '(' ')' '{' . function_body '}'  (14)
	listOfVariables : .  (86)

	.  reduce 86

	function_body  goto 64
	listOfVariables  goto 61


state 58
	typed_function : built_in_type ID '(' ')' '{' . function_body '}'  (11)
	listOfVariables : .  (86)

	.  reduce 86

	function_body  goto 65
	listOfVariables  goto 61


state 59
	typed_function : built_in_type ID '(' listOfParameters ')' . '{' function_body '}'  (10)

	'{'  shift 66
	.  error


state 60
	void_function : VOID ID '(' ')' '{' function_body . '}'  (13)

	'}'  shift 67
	.  error


state 61
	function_body : listOfVariables . listOfStatements  (15)
	listOfVariables : listOfVariables . variable  (85)
	listOfStatements : .  (17)

	CHAR  shift 5
	DOUBLE  shift 6
	INT  shift 7
	STRUCT  shift 8
	INT_CONSTANT  reduce 17
	CHAR_CONSTANT  reduce 17
	REAL_CONSTANT  reduce 17
	ID  reduce 17
	WRITE  reduce 17
	READ  reduce 17
	IF  reduce 17
	WHILE  reduce 17
	RETURN  reduce 17
	FOR  reduce 17
	DO  reduce 17
	'!'  reduce 17
	'-'  reduce 17
	'('  reduce 17
	'}'  reduce 17
	';'  reduce 17

	variable  goto 45
	built_in_type  goto 46
	listOfStatements  goto 68
	array_creation  goto 15
	struct  goto 16


state 62
	void_function : VOID ID '(' listOfParameters ')' '{' . function_body '}'  (12)
	listOfVariables : .  (86)

	.  reduce 86

	function_body  goto 69
	listOfVariables  goto 61


state 63
	listOfParameters : listOfParameters ',' parameter .  (18)

	.  reduce 18


state 64
	main : VOID MAIN '(' ')' '{' function_body . '}'  (14)

	'}'  shift 70
	.  error


state 65
	typed_function : built_in_type ID '(' ')' '{' function_body . '}'  (11)

	'}'  shift 71
	.  error


state 66
	typed_function : built_in_type ID '(' listOfParameters ')' '{' . function_body '}'  (10)
	listOfVariables : .  (86)

	.  reduce 86

	function_body  goto 72
	listOfVariables  goto 61


state 67
	void_function : VOID ID '(' ')' '{' function_body '}' .  (13)

	.  reduce 13


state 68
	function_body : listOfVariables listOfStatements .  (15)
	listOfStatements : listOfStatements . statement  (16)
	increment : .  (56)

	INT_CONSTANT  shift 73
	CHAR_CONSTANT  shift 74
	REAL_CONSTANT  shift 75
	ID  shift 76
	WRITE  shift 77
	READ  shift 78
	IF  shift 79
	WHILE  shift 80
	RETURN  shift 81
	FOR  shift 82
	DO  shift 83
	'!'  shift 84
	'-'  shift 85
	'('  shift 86
	'}'  reduce 15
	';'  reduce 56

	function_invocation  goto 87
	statement  goto 88
	expression  goto 89
	read  goto 90
	increment  goto 91
	write  goto 92
	assignment  goto 93
	if_else  goto 94
	while  goto 95
	for  goto 96
	do_while  goto 97
	return  goto 98
	cast  goto 99
	array  goto 100


state 69
	void_function : VOID ID '(' listOfParameters ')' '{' function_body . '}'  (12)

	'}'  shift 101
	.  error


state 70
	main : VOID MAIN '(' ')' '{' function_body '}' .  (14)

	.  reduce 14


state 71
	typed_function : built_in_type ID '(' ')' '{' function_body '}' .  (11)

	.  reduce 11


state 72
	typed_function : built_in_type ID '(' listOfParameters ')' '{' function_body . '}'  (10)

	'}'  shift 102
	.  error


state 73
	expression : INT_CONSTANT .  (52)

	.  reduce 52


state 74
	expression : CHAR_CONSTANT .  (54)

	.  reduce 54


state 75
	expression : REAL_CONSTANT .  (53)

	.  reduce 53


state 76
	function_invocation : ID . '(' listOfExpressions ')'  (8)
	function_invocation : ID . '(' ')'  (9)
	expression : ID .  (55)

	'('  shift 103
	LEQ  reduce 55
	GEQ  reduce 55
	DOUBLEEQUALS  reduce 55
	DIFFERENT  reduce 55
	AND  reduce 55
	OR  reduce 55
	INC  reduce 55
	DEC  reduce 55
	DIVIDEEQUALS  reduce 55
	TIMESEQUALS  reduce 55
	MINUSEQUALS  reduce 55
	PLUSEQUALS  reduce 55
	'='  reduce 55
	'>'  reduce 55
	'<'  reduce 55
	'+'  reduce 55
	'-'  reduce 55
	'*'  reduce 55
	'/'  reduce 55
	'%'  reduce 55
	POTENTIAL  reduce 55
	'['  reduce 55
	']'  reduce 55
	'.'  reduce 55
	')'  reduce 55
	','  reduce 55
	';'  reduce 55


state 77
	write : WRITE . listOfExpressions  (89)

	INT_CONSTANT  shift 73
	CHAR_CONSTANT  shift 74
	REAL_CONSTANT  shift 75
	ID  shift 76
	'!'  shift 84
	'-'  shift 85
	'('  shift 86
	.  error

	function_invocation  goto 87
	listOfExpressions  goto 104
	expression  goto 105
	cast  goto 99
	array  goto 100


state 78
	read : READ . listOfExpressions  (88)

	INT_CONSTANT  shift 73
	CHAR_CONSTANT  shift 74
	REAL_CONSTANT  shift 75
	ID  shift 76
	'!'  shift 84
	'-'  shift 85
	'('  shift 86
	.  error

	function_invocation  goto 87
	listOfExpressions  goto 106
	expression  goto 105
	cast  goto 99
	array  goto 100


state 79
	if_else : IF . '(' expression ')' body ELSE body  (63)
	if_else : IF . '(' expression ')' body  (64)

	'('  shift 107
	.  error


state 80
	while : WHILE . '(' expression ')' body  (67)

	'('  shift 108
	.  error


state 81
	return : RETURN . expression  (91)

	INT_CONSTANT  shift 73
	CHAR_CONSTANT  shift 74
	REAL_CONSTANT  shift 75
	ID  shift 76
	'!'  shift 84
	'-'  shift 85
	'('  shift 86
	.  error

	function_invocation  goto 87
	expression  goto 109
	cast  goto 99
	array  goto 100


state 82
	for : FOR . '(' statement expression ';' increment ')' body  (69)

	'('  shift 110
	.  error


state 83
	do_while : DO . body WHILE '(' expression ')'  (68)
	increment : .  (56)

	INT_CONSTANT  shift 73
	CHAR_CONSTANT  shift 74
	REAL_CONSTANT  shift 75
	ID  shift 76
	WRITE  shift 77
	READ  shift 78
	IF  shift 79
	WHILE  shift 80
	RETURN  shift 81
	FOR  shift 82
	DO  shift 83
	'!'  shift 84
	'-'  shift 85
	'('  shift 86
	'{'  shift 111
	';'  reduce 56

	function_invocation  goto 87
	statement  goto 112
	expression  goto 89
	read  goto 90
	increment  goto 91
	write  goto 92
	assignment  goto 93
	if_else  goto 94
	while  goto 95
	for  goto 96
	do_while  goto 97
	return  goto 98
	cast  goto 99
	array  goto 100
	body  goto 113


state 84
	expression : '!' . expression  (46)

	INT_CONSTANT  shift 73
	CHAR_CONSTANT  shift 74
	REAL_CONSTANT  shift 75
	ID  shift 76
	'!'  shift 84
	'-'  shift 85
	'('  shift 86
	.  error

	function_invocation  goto 87
	expression  goto 114
	cast  goto 99
	array  goto 100


state 85
	expression : '-' . expression  (45)

	INT_CONSTANT  shift 73
	CHAR_CONSTANT  shift 74
	REAL_CONSTANT  shift 75
	ID  shift 76
	'!'  shift 84
	'-'  shift 85
	'('  shift 86
	.  error

	function_invocation  goto 87
	expression  goto 115
	cast  goto 99
	array  goto 100


state 86
	expression : '(' . expression ')'  (48)
	cast : '(' . built_in_type ')' expression  (70)

	INT_CONSTANT  shift 73
	CHAR_CONSTANT  shift 74
	REAL_CONSTANT  shift 75
	ID  shift 76
	CHAR  shift 5
	DOUBLE  shift 6
	INT  shift 7
	'!'  shift 84
	'-'  shift 85
	'('  shift 86
	.  error

	function_invocation  goto 87
	built_in_type  goto 116
	expression  goto 117
	cast  goto 99
	array  goto 100


state 87
	expression : function_invocation .  (47)

	.  reduce 47


state 88
	listOfStatements : listOfStatements statement .  (16)

	.  reduce 16


state 89
	statement : expression . ';'  (21)
	expression : expression . '+' expression  (31)
	expression : expression . '*' expression  (32)
	expression : expression . '/' expression  (33)
	expression : expression . '-' expression  (34)
	expression : expression . '%' expression  (35)
	expression : expression . POTENTIAL expression  (36)
	expression : expression . DOUBLEEQUALS expression  (37)
	expression : expression . '>' expression  (38)
	expression : expression . GEQ expression  (39)
	expression : expression . '<' expression  (40)
	expression : expression . LEQ expression  (41)
	expression : expression . DIFFERENT expression  (42)
	expression : expression . AND expression  (43)
	expression : expression . OR expression  (44)
	expression : expression . '.' expression  (49)
	increment : expression . INC  (57)
	increment : expression . DEC  (58)
	increment : expression . PLUSEQUALS expression  (59)
	increment : expression . MINUSEQUALS expression  (60)
	increment : expression . TIMESEQUALS expression  (61)
	increment : expression . DIVIDEEQUALS expression  (62)
	array : expression . '[' expression ']'  (78)
	assignment : expression . '=' expression  (87)

	LEQ  shift 118
	GEQ  shift 119
	DOUBLEEQUALS  shift 120
	DIFFERENT  shift 121
	AND  shift 122
	OR  shift 123
	INC  shift 124
	DEC  shift 125
	DIVIDEEQUALS  shift 126
	TIMESEQUALS  shift 127
	MINUSEQUALS  shift 128
	PLUSEQUALS  shift 129
	'='  shift 130
	'>'  shift 131
	'<'  shift 132
	'+'  shift 133
	'-'  shift 134
	'*'  shift 135
	'/'  shift 136
	'%'  shift 137
	POTENTIAL  shift 138
	'['  shift 139
	'.'  shift 140
	';'  shift 141
	.  error


state 90
	statement : read . ';'  (22)

	';'  shift 142
	.  error


state 91
	statement : increment . ';'  (23)

	';'  shift 143
	.  error


state 92
	statement : write . ';'  (24)

	';'  shift 144
	.  error


state 93
	statement : assignment . ';'  (25)

	';'  shift 145
	.  error


state 94
	statement : if_else .  (26)

	.  reduce 26


state 95
	statement : while .  (27)

	.  reduce 27


state 96
	statement : for .  (28)

	.  reduce 28


state 97
	statement : do_while .  (29)

	.  reduce 29


state 98
	statement : return . ';'  (30)

	';'  shift 146
	.  error


state 99
	expression : cast .  (50)

	.  reduce 50


state 100
	expression : array .  (51)

	.  reduce 51


state 101
	void_function : VOID ID '(' listOfParameters ')' '{' function_body '}' .  (12)

	.  reduce 12


state 102
	typed_function : built_in_type ID '(' listOfParameters ')' '{' function_body '}' .  (10)

	.  reduce 10


state 103
	function_invocation : ID '(' . listOfExpressions ')'  (8)
	function_invocation : ID '(' . ')'  (9)

	INT_CONSTANT  shift 73
	CHAR_CONSTANT  shift 74
	REAL_CONSTANT  shift 75
	ID  shift 76
	'!'  shift 84
	'-'  shift 85
	'('  shift 86
	')'  shift 147
	.  error

	function_invocation  goto 87
	listOfExpressions  goto 148
	expression  goto 105
	cast  goto 99
	array  goto 100


state 104
	listOfExpressions : listOfExpressions . ',' expression  (71)
	write : WRITE listOfExpressions .  (89)

	','  shift 149
	';'  reduce 89


state 105
	expression : expression . '+' expression  (31)
	expression : expression . '*' expression  (32)
	expression : expression . '/' expression  (33)
	expression : expression . '-' expression  (34)
	expression : expression . '%' expression  (35)
	expression : expression . POTENTIAL expression  (36)
	expression : expression . DOUBLEEQUALS expression  (37)
	expression : expression . '>' expression  (38)
	expression : expression . GEQ expression  (39)
	expression : expression . '<' expression  (40)
	expression : expression . LEQ expression  (41)
	expression : expression . DIFFERENT expression  (42)
	expression : expression . AND expression  (43)
	expression : expression . OR expression  (44)
	expression : expression . '.' expression  (49)
	listOfExpressions : expression .  (72)
	array : expression . '[' expression ']'  (78)

	LEQ  shift 118
	GEQ  shift 119
	DOUBLEEQUALS  shift 120
	DIFFERENT  shift 121
	AND  shift 122
	OR  shift 123
	'>'  shift 131
	'<'  shift 132
	'+'  shift 133
	'-'  shift 134
	'*'  shift 135
	'/'  shift 136
	'%'  shift 137
	POTENTIAL  shift 138
	'['  shift 139
	'.'  shift 140
	')'  reduce 72
	','  reduce 72
	';'  reduce 72


state 106
	listOfExpressions : listOfExpressions . ',' expression  (71)
	read : READ listOfExpressions .  (88)

	','  shift 149
	';'  reduce 88


state 107
	if_else : IF '(' . expression ')' body ELSE body  (63)
	if_else : IF '(' . expression ')' body  (64)

	INT_CONSTANT  shift 73
	CHAR_CONSTANT  shift 74
	REAL_CONSTANT  shift 75
	ID  shift 76
	'!'  shift 84
	'-'  shift 85
	'('  shift 86
	.  error

	function_invocation  goto 87
	expression  goto 150
	cast  goto 99
	array  goto 100


state 108
	while : WHILE '(' . expression ')' body  (67)

	INT_CONSTANT  shift 73
	CHAR_CONSTANT  shift 74
	REAL_CONSTANT  shift 75
	ID  shift 76
	'!'  shift 84
	'-'  shift 85
	'('  shift 86
	.  error

	function_invocation  goto 87
	expression  goto 151
	cast  goto 99
	array  goto 100


state 109
	expression : expression . '+' expression  (31)
	expression : expression . '*' expression  (32)
	expression : expression . '/' expression  (33)
	expression : expression . '-' expression  (34)
	expression : expression . '%' expression  (35)
	expression : expression . POTENTIAL expression  (36)
	expression : expression . DOUBLEEQUALS expression  (37)
	expression : expression . '>' expression  (38)
	expression : expression . GEQ expression  (39)
	expression : expression . '<' expression  (40)
	expression : expression . LEQ expression  (41)
	expression : expression . DIFFERENT expression  (42)
	expression : expression . AND expression  (43)
	expression : expression . OR expression  (44)
	expression : expression . '.' expression  (49)
	array : expression . '[' expression ']'  (78)
	return : RETURN expression .  (91)

	LEQ  shift 118
	GEQ  shift 119
	DOUBLEEQUALS  shift 120
	DIFFERENT  shift 121
	AND  shift 122
	OR  shift 123
	'>'  shift 131
	'<'  shift 132
	'+'  shift 133
	'-'  shift 134
	'*'  shift 135
	'/'  shift 136
	'%'  shift 137
	POTENTIAL  shift 138
	'['  shift 139
	'.'  shift 140
	';'  reduce 91


state 110
	for : FOR '(' . statement expression ';' increment ')' body  (69)
	increment : .  (56)

	INT_CONSTANT  shift 73
	CHAR_CONSTANT  shift 74
	REAL_CONSTANT  shift 75
	ID  shift 76
	WRITE  shift 77
	READ  shift 78
	IF  shift 79
	WHILE  shift 80
	RETURN  shift 81
	FOR  shift 82
	DO  shift 83
	'!'  shift 84
	'-'  shift 85
	'('  shift 86
	';'  reduce 56

	function_invocation  goto 87
	statement  goto 152
	expression  goto 89
	read  goto 90
	increment  goto 91
	write  goto 92
	assignment  goto 93
	if_else  goto 94
	while  goto 95
	for  goto 96
	do_while  goto 97
	return  goto 98
	cast  goto 99
	array  goto 100


state 111
	body : '{' . listOfStatements '}'  (65)
	listOfStatements : .  (17)

	.  reduce 17

	listOfStatements  goto 153


state 112
	body : statement .  (66)

	.  reduce 66


state 113
	do_while : DO body . WHILE '(' expression ')'  (68)

	WHILE  shift 154
	.  error


state 114
	expression : expression . '+' expression  (31)
	expression : expression . '*' expression  (32)
	expression : expression . '/' expression  (33)
	expression : expression . '-' expression  (34)
	expression : expression . '%' expression  (35)
	expression : expression . POTENTIAL expression  (36)
	expression : expression . DOUBLEEQUALS expression  (37)
	expression : expression . '>' expression  (38)
	expression : expression . GEQ expression  (39)
	expression : expression . '<' expression  (40)
	expression : expression . LEQ expression  (41)
	expression : expression . DIFFERENT expression  (42)
	expression : expression . AND expression  (43)
	expression : expression . OR expression  (44)
	expression : '!' expression .  (46)
	expression : expression . '.' expression  (49)
	array : expression . '[' expression ']'  (78)

	LEQ  shift 118
	GEQ  shift 119
	DOUBLEEQUALS  shift 120
	DIFFERENT  shift 121
	'>'  shift 131
	'<'  shift 132
	'+'  shift 133
	'-'  shift 134
	'*'  shift 135
	'/'  shift 136
	'%'  shift 137
	POTENTIAL  shift 138
	'['  shift 139
	'.'  shift 140
	AND  reduce 46
	OR  reduce 46
	INC  reduce 46
	DEC  reduce 46
	DIVIDEEQUALS  reduce 46
	TIMESEQUALS  reduce 46
	MINUSEQUALS  reduce 46
	PLUSEQUALS  reduce 46
	'='  reduce 46
	']'  reduce 46
	')'  reduce 46
	','  reduce 46
	';'  reduce 46


state 115
	expression : expression . '+' expression  (31)
	expression : expression . '*' expression  (32)
	expression : expression . '/' expression  (33)
	expression : expression . '-' expression  (34)
	expression : expression . '%' expression  (35)
	expression : expression . POTENTIAL expression  (36)
	expression : expression . DOUBLEEQUALS expression  (37)
	expression : expression . '>' expression  (38)
	expression : expression . GEQ expression  (39)
	expression : expression . '<' expression  (40)
	expression : expression . LEQ expression  (41)
	expression : expression . DIFFERENT expression  (42)
	expression : expression . AND expression  (43)
	expression : expression . OR expression  (44)
	expression : '-' expression .  (45)
	expression : expression . '.' expression  (49)
	array : expression . '[' expression ']'  (78)

	'['  shift 139
	'.'  shift 140
	LEQ  reduce 45
	GEQ  reduce 45
	DOUBLEEQUALS  reduce 45
	DIFFERENT  reduce 45
	AND  reduce 45
	OR  reduce 45
	INC  reduce 45
	DEC  reduce 45
	DIVIDEEQUALS  reduce 45
	TIMESEQUALS  reduce 45
	MINUSEQUALS  reduce 45
	PLUSEQUALS  reduce 45
	'='  reduce 45
	'>'  reduce 45
	'<'  reduce 45
	'+'  reduce 45
	'-'  reduce 45
	'*'  reduce 45
	'/'  reduce 45
	'%'  reduce 45
	POTENTIAL  reduce 45
	']'  reduce 45
	')'  reduce 45
	','  reduce 45
	';'  reduce 45


state 116
	cast : '(' built_in_type . ')' expression  (70)

	')'  shift 155
	.  error


state 117
	expression : expression . '+' expression  (31)
	expression : expression . '*' expression  (32)
	expression : expression . '/' expression  (33)
	expression : expression . '-' expression  (34)
	expression : expression . '%' expression  (35)
	expression : expression . POTENTIAL expression  (36)
	expression : expression . DOUBLEEQUALS expression  (37)
	expression : expression . '>' expression  (38)
	expression : expression . GEQ expression  (39)
	expression : expression . '<' expression  (40)
	expression : expression . LEQ expression  (41)
	expression : expression . DIFFERENT expression  (42)
	expression : expression . AND expression  (43)
	expression : expression . OR expression  (44)
	expression : '(' expression . ')'  (48)
	expression : expression . '.' expression  (49)
	array : expression . '[' expression ']'  (78)

	LEQ  shift 118
	GEQ  shift 119
	DOUBLEEQUALS  shift 120
	DIFFERENT  shift 121
	AND  shift 122
	OR  shift 123
	'>'  shift 131
	'<'  shift 132
	'+'  shift 133
	'-'  shift 134
	'*'  shift 135
	'/'  shift 136
	'%'  shift 137
	POTENTIAL  shift 138
	'['  shift 139
	'.'  shift 140
	')'  shift 156
	.  error


state 118
	expression : expression LEQ . expression  (41)

	INT_CONSTANT  shift 73
	CHAR_CONSTANT  shift 74
	REAL_CONSTANT  shift 75
	ID  shift 76
	'!'  shift 84
	'-'  shift 85
	'('  shift 86
	.  error

	function_invocation  goto 87
	expression  goto 157
	cast  goto 99
	array  goto 100


state 119
	expression : expression GEQ . expression  (39)

	INT_CONSTANT  shift 73
	CHAR_CONSTANT  shift 74
	REAL_CONSTANT  shift 75
	ID  shift 76
	'!'  shift 84
	'-'  shift 85
	'('  shift 86
	.  error

	function_invocation  goto 87
	expression  goto 158
	cast  goto 99
	array  goto 100


state 120
	expression : expression DOUBLEEQUALS . expression  (37)

	INT_CONSTANT  shift 73
	CHAR_CONSTANT  shift 74
	REAL_CONSTANT  shift 75
	ID  shift 76
	'!'  shift 84
	'-'  shift 85
	'('  shift 86
	.  error

	function_invocation  goto 87
	expression  goto 159
	cast  goto 99
	array  goto 100


state 121
	expression : expression DIFFERENT . expression  (42)

	INT_CONSTANT  shift 73
	CHAR_CONSTANT  shift 74
	REAL_CONSTANT  shift 75
	ID  shift 76
	'!'  shift 84
	'-'  shift 85
	'('  shift 86
	.  error

	function_invocation  goto 87
	expression  goto 160
	cast  goto 99
	array  goto 100


state 122
	expression : expression AND . expression  (43)

	INT_CONSTANT  shift 73
	CHAR_CONSTANT  shift 74
	REAL_CONSTANT  shift 75
	ID  shift 76
	'!'  shift 84
	'-'  shift 85
	'('  shift 86
	.  error

	function_invocation  goto 87
	expression  goto 161
	cast  goto 99
	array  goto 100


state 123
	expression : expression OR . expression  (44)

	INT_CONSTANT  shift 73
	CHAR_CONSTANT  shift 74
	REAL_CONSTANT  shift 75
	ID  shift 76
	'!'  shift 84
	'-'  shift 85
	'('  shift 86
	.  error

	function_invocation  goto 87
	expression  goto 162
	cast  goto 99
	array  goto 100


state 124
	increment : expression INC .  (57)

	.  reduce 57


state 125
	increment : expression DEC .  (58)

	.  reduce 58


state 126
	increment : expression DIVIDEEQUALS . expression  (62)

	INT_CONSTANT  shift 73
	CHAR_CONSTANT  shift 74
	REAL_CONSTANT  shift 75
	ID  shift 76
	'!'  shift 84
	'-'  shift 85
	'('  shift 86
	.  error

	function_invocation  goto 87
	expression  goto 163
	cast  goto 99
	array  goto 100


state 127
	increment : expression TIMESEQUALS . expression  (61)

	INT_CONSTANT  shift 73
	CHAR_CONSTANT  shift 74
	REAL_CONSTANT  shift 75
	ID  shift 76
	'!'  shift 84
	'-'  shift 85
	'('  shift 86
	.  error

	function_invocation  goto 87
	expression  goto 164
	cast  goto 99
	array  goto 100


state 128
	increment : expression MINUSEQUALS . expression  (60)

	INT_CONSTANT  shift 73
	CHAR_CONSTANT  shift 74
	REAL_CONSTANT  shift 75
	ID  shift 76
	'!'  shift 84
	'-'  shift 85
	'('  shift 86
	.  error

	function_invocation  goto 87
	expression  goto 165
	cast  goto 99
	array  goto 100


state 129
	increment : expression PLUSEQUALS . expression  (59)

	INT_CONSTANT  shift 73
	CHAR_CONSTANT  shift 74
	REAL_CONSTANT  shift 75
	ID  shift 76
	'!'  shift 84
	'-'  shift 85
	'('  shift 86
	.  error

	function_invocation  goto 87
	expression  goto 166
	cast  goto 99
	array  goto 100


state 130
	assignment : expression '=' . expression  (87)

	INT_CONSTANT  shift 73
	CHAR_CONSTANT  shift 74
	REAL_CONSTANT  shift 75
	ID  shift 76
	'!'  shift 84
	'-'  shift 85
	'('  shift 86
	.  error

	function_invocation  goto 87
	expression  goto 167
	cast  goto 99
	array  goto 100


state 131
	expression : expression '>' . expression  (38)

	INT_CONSTANT  shift 73
	CHAR_CONSTANT  shift 74
	REAL_CONSTANT  shift 75
	ID  shift 76
	'!'  shift 84
	'-'  shift 85
	'('  shift 86
	.  error

	function_invocation  goto 87
	expression  goto 168
	cast  goto 99
	array  goto 100


state 132
	expression : expression '<' . expression  (40)

	INT_CONSTANT  shift 73
	CHAR_CONSTANT  shift 74
	REAL_CONSTANT  shift 75
	ID  shift 76
	'!'  shift 84
	'-'  shift 85
	'('  shift 86
	.  error

	function_invocation  goto 87
	expression  goto 169
	cast  goto 99
	array  goto 100


state 133
	expression : expression '+' . expression  (31)

	INT_CONSTANT  shift 73
	CHAR_CONSTANT  shift 74
	REAL_CONSTANT  shift 75
	ID  shift 76
	'!'  shift 84
	'-'  shift 85
	'('  shift 86
	.  error

	function_invocation  goto 87
	expression  goto 170
	cast  goto 99
	array  goto 100


state 134
	expression : expression '-' . expression  (34)

	INT_CONSTANT  shift 73
	CHAR_CONSTANT  shift 74
	REAL_CONSTANT  shift 75
	ID  shift 76
	'!'  shift 84
	'-'  shift 85
	'('  shift 86
	.  error

	function_invocation  goto 87
	expression  goto 171
	cast  goto 99
	array  goto 100


state 135
	expression : expression '*' . expression  (32)

	INT_CONSTANT  shift 73
	CHAR_CONSTANT  shift 74
	REAL_CONSTANT  shift 75
	ID  shift 76
	'!'  shift 84
	'-'  shift 85
	'('  shift 86
	.  error

	function_invocation  goto 87
	expression  goto 172
	cast  goto 99
	array  goto 100


state 136
	expression : expression '/' . expression  (33)

	INT_CONSTANT  shift 73
	CHAR_CONSTANT  shift 74
	REAL_CONSTANT  shift 75
	ID  shift 76
	'!'  shift 84
	'-'  shift 85
	'('  shift 86
	.  error

	function_invocation  goto 87
	expression  goto 173
	cast  goto 99
	array  goto 100


state 137
	expression : expression '%' . expression  (35)

	INT_CONSTANT  shift 73
	CHAR_CONSTANT  shift 74
	REAL_CONSTANT  shift 75
	ID  shift 76
	'!'  shift 84
	'-'  shift 85
	'('  shift 86
	.  error

	function_invocation  goto 87
	expression  goto 174
	cast  goto 99
	array  goto 100


state 138
	expression : expression POTENTIAL . expression  (36)

	INT_CONSTANT  shift 73
	CHAR_CONSTANT  shift 74
	REAL_CONSTANT  shift 75
	ID  shift 76
	'!'  shift 84
	'-'  shift 85
	'('  shift 86
	.  error

	function_invocation  goto 87
	expression  goto 175
	cast  goto 99
	array  goto 100


state 139
	array : expression '[' . expression ']'  (78)

	INT_CONSTANT  shift 73
	CHAR_CONSTANT  shift 74
	REAL_CONSTANT  shift 75
	ID  shift 76
	'!'  shift 84
	'-'  shift 85
	'('  shift 86
	.  error

	function_invocation  goto 87
	expression  goto 176
	cast  goto 99
	array  goto 100


state 140
	expression : expression '.' . expression  (49)

	INT_CONSTANT  shift 73
	CHAR_CONSTANT  shift 74
	REAL_CONSTANT  shift 75
	ID  shift 76
	'!'  shift 84
	'-'  shift 85
	'('  shift 86
	.  error

	function_invocation  goto 87
	expression  goto 177
	cast  goto 99
	array  goto 100


state 141
	statement : expression ';' .  (21)

	.  reduce 21


state 142
	statement : read ';' .  (22)

	.  reduce 22


state 143
	statement : increment ';' .  (23)

	.  reduce 23


state 144
	statement : write ';' .  (24)

	.  reduce 24


state 145
	statement : assignment ';' .  (25)

	.  reduce 25


state 146
	statement : return ';' .  (30)

	.  reduce 30


state 147
	function_invocation : ID '(' ')' .  (9)

	.  reduce 9


state 148
	function_invocation : ID '(' listOfExpressions . ')'  (8)
	listOfExpressions : listOfExpressions . ',' expression  (71)

	')'  shift 178
	','  shift 149
	.  error


state 149
	listOfExpressions : listOfExpressions ',' . expression  (71)

	INT_CONSTANT  shift 73
	CHAR_CONSTANT  shift 74
	REAL_CONSTANT  shift 75
	ID  shift 76
	'!'  shift 84
	'-'  shift 85
	'('  shift 86
	.  error

	function_invocation  goto 87
	expression  goto 179
	cast  goto 99
	array  goto 100


state 150
	expression : expression . '+' expression  (31)
	expression : expression . '*' expression  (32)
	expression : expression . '/' expression  (33)
	expression : expression . '-' expression  (34)
	expression : expression . '%' expression  (35)
	expression : expression . POTENTIAL expression  (36)
	expression : expression . DOUBLEEQUALS expression  (37)
	expression : expression . '>' expression  (38)
	expression : expression . GEQ expression  (39)
	expression : expression . '<' expression  (40)
	expression : expression . LEQ expression  (41)
	expression : expression . DIFFERENT expression  (42)
	expression : expression . AND expression  (43)
	expression : expression . OR expression  (44)
	expression : expression . '.' expression  (49)
	if_else : IF '(' expression . ')' body ELSE body  (63)
	if_else : IF '(' expression . ')' body  (64)
	array : expression . '[' expression ']'  (78)

	LEQ  shift 118
	GEQ  shift 119
	DOUBLEEQUALS  shift 120
	DIFFERENT  shift 121
	AND  shift 122
	OR  shift 123
	'>'  shift 131
	'<'  shift 132
	'+'  shift 133
	'-'  shift 134
	'*'  shift 135
	'/'  shift 136
	'%'  shift 137
	POTENTIAL  shift 138
	'['  shift 139
	'.'  shift 140
	')'  shift 180
	.  error


state 151
	expression : expression . '+' expression  (31)
	expression : expression . '*' expression  (32)
	expression : expression . '/' expression  (33)
	expression : expression . '-' expression  (34)
	expression : expression . '%' expression  (35)
	expression : expression . POTENTIAL expression  (36)
	expression : expression . DOUBLEEQUALS expression  (37)
	expression : expression . '>' expression  (38)
	expression : expression . GEQ expression  (39)
	expression : expression . '<' expression  (40)
	expression : expression . LEQ expression  (41)
	expression : expression . DIFFERENT expression  (42)
	expression : expression . AND expression  (43)
	expression : expression . OR expression  (44)
	expression : expression . '.' expression  (49)
	while : WHILE '(' expression . ')' body  (67)
	array : expression . '[' expression ']'  (78)

	LEQ  shift 118
	GEQ  shift 119
	DOUBLEEQUALS  shift 120
	DIFFERENT  shift 121
	AND  shift 122
	OR  shift 123
	'>'  shift 131
	'<'  shift 132
	'+'  shift 133
	'-'  shift 134
	'*'  shift 135
	'/'  shift 136
	'%'  shift 137
	POTENTIAL  shift 138
	'['  shift 139
	'.'  shift 140
	')'  shift 181
	.  error


state 152
	for : FOR '(' statement . expression ';' increment ')' body  (69)

	INT_CONSTANT  shift 73
	CHAR_CONSTANT  shift 74
	REAL_CONSTANT  shift 75
	ID  shift 76
	'!'  shift 84
	'-'  shift 85
	'('  shift 86
	.  error

	function_invocation  goto 87
	expression  goto 182
	cast  goto 99
	array  goto 100


state 153
	listOfStatements : listOfStatements . statement  (16)
	body : '{' listOfStatements . '}'  (65)
	increment : .  (56)

	INT_CONSTANT  shift 73
	CHAR_CONSTANT  shift 74
	REAL_CONSTANT  shift 75
	ID  shift 76
	WRITE  shift 77
	READ  shift 78
	IF  shift 79
	WHILE  shift 80
	RETURN  shift 81
	FOR  shift 82
	DO  shift 83
	'!'  shift 84
	'-'  shift 85
	'('  shift 86
	'}'  shift 183
	';'  reduce 56

	function_invocation  goto 87
	statement  goto 88
	expression  goto 89
	read  goto 90
	increment  goto 91
	write  goto 92
	assignment  goto 93
	if_else  goto 94
	while  goto 95
	for  goto 96
	do_while  goto 97
	return  goto 98
	cast  goto 99
	array  goto 100


state 154
	do_while : DO body WHILE . '(' expression ')'  (68)

	'('  shift 184
	.  error


state 155
	cast : '(' built_in_type ')' . expression  (70)

	INT_CONSTANT  shift 73
	CHAR_CONSTANT  shift 74
	REAL_CONSTANT  shift 75
	ID  shift 76
	'!'  shift 84
	'-'  shift 85
	'('  shift 86
	.  error

	function_invocation  goto 87
	expression  goto 185
	cast  goto 99
	array  goto 100


state 156
	expression : '(' expression ')' .  (48)

	.  reduce 48


state 157
	expression : expression . '+' expression  (31)
	expression : expression . '*' expression  (32)
	expression : expression . '/' expression  (33)
	expression : expression . '-' expression  (34)
	expression : expression . '%' expression  (35)
	expression : expression . POTENTIAL expression  (36)
	expression : expression . DOUBLEEQUALS expression  (37)
	expression : expression . '>' expression  (38)
	expression : expression . GEQ expression  (39)
	expression : expression . '<' expression  (40)
	expression : expression . LEQ expression  (41)
	expression : expression LEQ expression .  (41)
	expression : expression . DIFFERENT expression  (42)
	expression : expression . AND expression  (43)
	expression : expression . OR expression  (44)
	expression : expression . '.' expression  (49)
	array : expression . '[' expression ']'  (78)

	'+'  shift 133
	'-'  shift 134
	'*'  shift 135
	'/'  shift 136
	'%'  shift 137
	POTENTIAL  shift 138
	'['  shift 139
	'.'  shift 140
	LEQ  reduce 41
	GEQ  reduce 41
	DOUBLEEQUALS  reduce 41
	DIFFERENT  reduce 41
	AND  reduce 41
	OR  reduce 41
	INC  reduce 41
	DEC  reduce 41
	DIVIDEEQUALS  reduce 41
	TIMESEQUALS  reduce 41
	MINUSEQUALS  reduce 41
	PLUSEQUALS  reduce 41
	'='  reduce 41
	'>'  reduce 41
	'<'  reduce 41
	']'  reduce 41
	')'  reduce 41
	','  reduce 41
	';'  reduce 41


state 158
	expression : expression . '+' expression  (31)
	expression : expression . '*' expression  (32)
	expression : expression . '/' expression  (33)
	expression : expression . '-' expression  (34)
	expression : expression . '%' expression  (35)
	expression : expression . POTENTIAL expression  (36)
	expression : expression . DOUBLEEQUALS expression  (37)
	expression : expression . '>' expression  (38)
	expression : expression . GEQ expression  (39)
	expression : expression GEQ expression .  (39)
	expression : expression . '<' expression  (40)
	expression : expression . LEQ expression  (41)
	expression : expression . DIFFERENT expression  (42)
	expression : expression . AND expression  (43)
	expression : expression . OR expression  (44)
	expression : expression . '.' expression  (49)
	array : expression . '[' expression ']'  (78)

	'+'  shift 133
	'-'  shift 134
	'*'  shift 135
	'/'  shift 136
	'%'  shift 137
	POTENTIAL  shift 138
	'['  shift 139
	'.'  shift 140
	LEQ  reduce 39
	GEQ  reduce 39
	DOUBLEEQUALS  reduce 39
	DIFFERENT  reduce 39
	AND  reduce 39
	OR  reduce 39
	INC  reduce 39
	DEC  reduce 39
	DIVIDEEQUALS  reduce 39
	TIMESEQUALS  reduce 39
	MINUSEQUALS  reduce 39
	PLUSEQUALS  reduce 39
	'='  reduce 39
	'>'  reduce 39
	'<'  reduce 39
	']'  reduce 39
	')'  reduce 39
	','  reduce 39
	';'  reduce 39


state 159
	expression : expression . '+' expression  (31)
	expression : expression . '*' expression  (32)
	expression : expression . '/' expression  (33)
	expression : expression . '-' expression  (34)
	expression : expression . '%' expression  (35)
	expression : expression . POTENTIAL expression  (36)
	expression : expression . DOUBLEEQUALS expression  (37)
	expression : expression DOUBLEEQUALS expression .  (37)
	expression : expression . '>' expression  (38)
	expression : expression . GEQ expression  (39)
	expression : expression . '<' expression  (40)
	expression : expression . LEQ expression  (41)
	expression : expression . DIFFERENT expression  (42)
	expression : expression . AND expression  (43)
	expression : expression . OR expression  (44)
	expression : expression . '.' expression  (49)
	array : expression . '[' expression ']'  (78)

	'+'  shift 133
	'-'  shift 134
	'*'  shift 135
	'/'  shift 136
	'%'  shift 137
	POTENTIAL  shift 138
	'['  shift 139
	'.'  shift 140
	LEQ  reduce 37
	GEQ  reduce 37
	DOUBLEEQUALS  reduce 37
	DIFFERENT  reduce 37
	AND  reduce 37
	OR  reduce 37
	INC  reduce 37
	DEC  reduce 37
	DIVIDEEQUALS  reduce 37
	TIMESEQUALS  reduce 37
	MINUSEQUALS  reduce 37
	PLUSEQUALS  reduce 37
	'='  reduce 37
	'>'  reduce 37
	'<'  reduce 37
	']'  reduce 37
	')'  reduce 37
	','  reduce 37
	';'  reduce 37


state 160
	expression : expression . '+' expression  (31)
	expression : expression . '*' expression  (32)
	expression : expression . '/' expression  (33)
	expression : expression . '-' expression  (34)
	expression : expression . '%' expression  (35)
	expression : expression . POTENTIAL expression  (36)
	expression : expression . DOUBLEEQUALS expression  (37)
	expression : expression . '>' expression  (38)
	expression : expression . GEQ expression  (39)
	expression : expression . '<' expression  (40)
	expression : expression . LEQ expression  (41)
	expression : expression . DIFFERENT expression  (42)
	expression : expression DIFFERENT expression .  (42)
	expression : expression . AND expression  (43)
	expression : expression . OR expression  (44)
	expression : expression . '.' expression  (49)
	array : expression . '[' expression ']'  (78)

	'+'  shift 133
	'-'  shift 134
	'*'  shift 135
	'/'  shift 136
	'%'  shift 137
	POTENTIAL  shift 138
	'['  shift 139
	'.'  shift 140
	LEQ  reduce 42
	GEQ  reduce 42
	DOUBLEEQUALS  reduce 42
	DIFFERENT  reduce 42
	AND  reduce 42
	OR  reduce 42
	INC  reduce 42
	DEC  reduce 42
	DIVIDEEQUALS  reduce 42
	TIMESEQUALS  reduce 42
	MINUSEQUALS  reduce 42
	PLUSEQUALS  reduce 42
	'='  reduce 42
	'>'  reduce 42
	'<'  reduce 42
	']'  reduce 42
	')'  reduce 42
	','  reduce 42
	';'  reduce 42


state 161
	expression : expression . '+' expression  (31)
	expression : expression . '*' expression  (32)
	expression : expression . '/' expression  (33)
	expression : expression . '-' expression  (34)
	expression : expression . '%' expression  (35)
	expression : expression . POTENTIAL expression  (36)
	expression : expression . DOUBLEEQUALS expression  (37)
	expression : expression . '>' expression  (38)
	expression : expression . GEQ expression  (39)
	expression : expression . '<' expression  (40)
	expression : expression . LEQ expression  (41)
	expression : expression . DIFFERENT expression  (42)
	expression : expression . AND expression  (43)
	expression : expression AND expression .  (43)
	expression : expression . OR expression  (44)
	expression : expression . '.' expression  (49)
	array : expression . '[' expression ']'  (78)

	LEQ  shift 118
	GEQ  shift 119
	DOUBLEEQUALS  shift 120
	DIFFERENT  shift 121
	'>'  shift 131
	'<'  shift 132
	'+'  shift 133
	'-'  shift 134
	'*'  shift 135
	'/'  shift 136
	'%'  shift 137
	POTENTIAL  shift 138
	'['  shift 139
	'.'  shift 140
	AND  reduce 43
	OR  reduce 43
	INC  reduce 43
	DEC  reduce 43
	DIVIDEEQUALS  reduce 43
	TIMESEQUALS  reduce 43
	MINUSEQUALS  reduce 43
	PLUSEQUALS  reduce 43
	'='  reduce 43
	']'  reduce 43
	')'  reduce 43
	','  reduce 43
	';'  reduce 43


state 162
	expression : expression . '+' expression  (31)
	expression : expression . '*' expression  (32)
	expression : expression . '/' expression  (33)
	expression : expression . '-' expression  (34)
	expression : expression . '%' expression  (35)
	expression : expression . POTENTIAL expression  (36)
	expression : expression . DOUBLEEQUALS expression  (37)
	expression : expression . '>' expression  (38)
	expression : expression . GEQ expression  (39)
	expression : expression . '<' expression  (40)
	expression : expression . LEQ expression  (41)
	expression : expression . DIFFERENT expression  (42)
	expression : expression . AND expression  (43)
	expression : expression . OR expression  (44)
	expression : expression OR expression .  (44)
	expression : expression . '.' expression  (49)
	array : expression . '[' expression ']'  (78)

	LEQ  shift 118
	GEQ  shift 119
	DOUBLEEQUALS  shift 120
	DIFFERENT  shift 121
	'>'  shift 131
	'<'  shift 132
	'+'  shift 133
	'-'  shift 134
	'*'  shift 135
	'/'  shift 136
	'%'  shift 137
	POTENTIAL  shift 138
	'['  shift 139
	'.'  shift 140
	AND  reduce 44
	OR  reduce 44
	INC  reduce 44
	DEC  reduce 44
	DIVIDEEQUALS  reduce 44
	TIMESEQUALS  reduce 44
	MINUSEQUALS  reduce 44
	PLUSEQUALS  reduce 44
	'='  reduce 44
	']'  reduce 44
	')'  reduce 44
	','  reduce 44
	';'  reduce 44


state 163
	expression : expression . '+' expression  (31)
	expression : expression . '*' expression  (32)
	expression : expression . '/' expression  (33)
	expression : expression . '-' expression  (34)
	expression : expression . '%' expression  (35)
	expression : expression . POTENTIAL expression  (36)
	expression : expression . DOUBLEEQUALS expression  (37)
	expression : expression . '>' expression  (38)
	expression : expression . GEQ expression  (39)
	expression : expression . '<' expression  (40)
	expression : expression . LEQ expression  (41)
	expression : expression . DIFFERENT expression  (42)
	expression : expression . AND expression  (43)
	expression : expression . OR expression  (44)
	expression : expression . '.' expression  (49)
	increment : expression DIVIDEEQUALS expression .  (62)
	array : expression . '[' expression ']'  (78)

	LEQ  shift 118
	GEQ  shift 119
	DOUBLEEQUALS  shift 120
	DIFFERENT  shift 121
	AND  shift 122
	OR  shift 123
	'>'  shift 131
	'<'  shift 132
	'+'  shift 133
	'-'  shift 134
	'*'  shift 135
	'/'  shift 136
	'%'  shift 137
	POTENTIAL  shift 138
	'['  shift 139
	'.'  shift 140
	')'  reduce 62
	';'  reduce 62


state 164
	expression : expression . '+' expression  (31)
	expression : expression . '*' expression  (32)
	expression : expression . '/' expression  (33)
	expression : expression . '-' expression  (34)
	expression : expression . '%' expression  (35)
	expression : expression . POTENTIAL expression  (36)
	expression : expression . DOUBLEEQUALS expression  (37)
	expression : expression . '>' expression  (38)
	expression : expression . GEQ expression  (39)
	expression : expression . '<' expression  (40)
	expression : expression . LEQ expression  (41)
	expression : expression . DIFFERENT expression  (42)
	expression : expression . AND expression  (43)
	expression : expression . OR expression  (44)
	expression : expression . '.' expression  (49)
	increment : expression TIMESEQUALS expression .  (61)
	array : expression . '[' expression ']'  (78)

	LEQ  shift 118
	GEQ  shift 119
	DOUBLEEQUALS  shift 120
	DIFFERENT  shift 121
	AND  shift 122
	OR  shift 123
	'>'  shift 131
	'<'  shift 132
	'+'  shift 133
	'-'  shift 134
	'*'  shift 135
	'/'  shift 136
	'%'  shift 137
	POTENTIAL  shift 138
	'['  shift 139
	'.'  shift 140
	')'  reduce 61
	';'  reduce 61


state 165
	expression : expression . '+' expression  (31)
	expression : expression . '*' expression  (32)
	expression : expression . '/' expression  (33)
	expression : expression . '-' expression  (34)
	expression : expression . '%' expression  (35)
	expression : expression . POTENTIAL expression  (36)
	expression : expression . DOUBLEEQUALS expression  (37)
	expression : expression . '>' expression  (38)
	expression : expression . GEQ expression  (39)
	expression : expression . '<' expression  (40)
	expression : expression . LEQ expression  (41)
	expression : expression . DIFFERENT expression  (42)
	expression : expression . AND expression  (43)
	expression : expression . OR expression  (44)
	expression : expression . '.' expression  (49)
	increment : expression MINUSEQUALS expression .  (60)
	array : expression . '[' expression ']'  (78)

	LEQ  shift 118
	GEQ  shift 119
	DOUBLEEQUALS  shift 120
	DIFFERENT  shift 121
	AND  shift 122
	OR  shift 123
	'>'  shift 131
	'<'  shift 132
	'+'  shift 133
	'-'  shift 134
	'*'  shift 135
	'/'  shift 136
	'%'  shift 137
	POTENTIAL  shift 138
	'['  shift 139
	'.'  shift 140
	')'  reduce 60
	';'  reduce 60


state 166
	expression : expression . '+' expression  (31)
	expression : expression . '*' expression  (32)
	expression : expression . '/' expression  (33)
	expression : expression . '-' expression  (34)
	expression : expression . '%' expression  (35)
	expression : expression . POTENTIAL expression  (36)
	expression : expression . DOUBLEEQUALS expression  (37)
	expression : expression . '>' expression  (38)
	expression : expression . GEQ expression  (39)
	expression : expression . '<' expression  (40)
	expression : expression . LEQ expression  (41)
	expression : expression . DIFFERENT expression  (42)
	expression : expression . AND expression  (43)
	expression : expression . OR expression  (44)
	expression : expression . '.' expression  (49)
	increment : expression PLUSEQUALS expression .  (59)
	array : expression . '[' expression ']'  (78)

	LEQ  shift 118
	GEQ  shift 119
	DOUBLEEQUALS  shift 120
	DIFFERENT  shift 121
	AND  shift 122
	OR  shift 123
	'>'  shift 131
	'<'  shift 132
	'+'  shift 133
	'-'  shift 134
	'*'  shift 135
	'/'  shift 136
	'%'  shift 137
	POTENTIAL  shift 138
	'['  shift 139
	'.'  shift 140
	')'  reduce 59
	';'  reduce 59


state 167
	expression : expression . '+' expression  (31)
	expression : expression . '*' expression  (32)
	expression : expression . '/' expression  (33)
	expression : expression . '-' expression  (34)
	expression : expression . '%' expression  (35)
	expression : expression . POTENTIAL expression  (36)
	expression : expression . DOUBLEEQUALS expression  (37)
	expression : expression . '>' expression  (38)
	expression : expression . GEQ expression  (39)
	expression : expression . '<' expression  (40)
	expression : expression . LEQ expression  (41)
	expression : expression . DIFFERENT expression  (42)
	expression : expression . AND expression  (43)
	expression : expression . OR expression  (44)
	expression : expression . '.' expression  (49)
	array : expression . '[' expression ']'  (78)
	assignment : expression '=' expression .  (87)

	LEQ  shift 118
	GEQ  shift 119
	DOUBLEEQUALS  shift 120
	DIFFERENT  shift 121
	AND  shift 122
	OR  shift 123
	'>'  shift 131
	'<'  shift 132
	'+'  shift 133
	'-'  shift 134
	'*'  shift 135
	'/'  shift 136
	'%'  shift 137
	POTENTIAL  shift 138
	'['  shift 139
	'.'  shift 140
	';'  reduce 87


state 168
	expression : expression . '+' expression  (31)
	expression : expression . '*' expression  (32)
	expression : expression . '/' expression  (33)
	expression : expression . '-' expression  (34)
	expression : expression . '%' expression  (35)
	expression : expression . POTENTIAL expression  (36)
	expression : expression . DOUBLEEQUALS expression  (37)
	expression : expression . '>' expression  (38)
	expression : expression '>' expression .  (38)
	expression : expression . GEQ expression  (39)
	expression : expression . '<' expression  (40)
	expression : expression . LEQ expression  (41)
	expression : expression . DIFFERENT expression  (42)
	expression : expression . AND expression  (43)
	expression : expression . OR expression  (44)
	expression : expression . '.' expression  (49)
	array : expression . '[' expression ']'  (78)

	'+'  shift 133
	'-'  shift 134
	'*'  shift 135
	'/'  shift 136
	'%'  shift 137
	POTENTIAL  shift 138
	'['  shift 139
	'.'  shift 140
	LEQ  reduce 38
	GEQ  reduce 38
	DOUBLEEQUALS  reduce 38
	DIFFERENT  reduce 38
	AND  reduce 38
	OR  reduce 38
	INC  reduce 38
	DEC  reduce 38
	DIVIDEEQUALS  reduce 38
	TIMESEQUALS  reduce 38
	MINUSEQUALS  reduce 38
	PLUSEQUALS  reduce 38
	'='  reduce 38
	'>'  reduce 38
	'<'  reduce 38
	']'  reduce 38
	')'  reduce 38
	','  reduce 38
	';'  reduce 38


state 169
	expression : expression . '+' expression  (31)
	expression : expression . '*' expression  (32)
	expression : expression . '/' expression  (33)
	expression : expression . '-' expression  (34)
	expression : expression . '%' expression  (35)
	expression : expression . POTENTIAL expression  (36)
	expression : expression . DOUBLEEQUALS expression  (37)
	expression : expression . '>' expression  (38)
	expression : expression . GEQ expression  (39)
	expression : expression . '<' expression  (40)
	expression : expression '<' expression .  (40)
	expression : expression . LEQ expression  (41)
	expression : expression . DIFFERENT expression  (42)
	expression : expression . AND expression  (43)
	expression : expression . OR expression  (44)
	expression : expression . '.' expression  (49)
	array : expression . '[' expression ']'  (78)

	'+'  shift 133
	'-'  shift 134
	'*'  shift 135
	'/'  shift 136
	'%'  shift 137
	POTENTIAL  shift 138
	'['  shift 139
	'.'  shift 140
	LEQ  reduce 40
	GEQ  reduce 40
	DOUBLEEQUALS  reduce 40
	DIFFERENT  reduce 40
	AND  reduce 40
	OR  reduce 40
	INC  reduce 40
	DEC  reduce 40
	DIVIDEEQUALS  reduce 40
	TIMESEQUALS  reduce 40
	MINUSEQUALS  reduce 40
	PLUSEQUALS  reduce 40
	'='  reduce 40
	'>'  reduce 40
	'<'  reduce 40
	']'  reduce 40
	')'  reduce 40
	','  reduce 40
	';'  reduce 40


state 170
	expression : expression . '+' expression  (31)
	expression : expression '+' expression .  (31)
	expression : expression . '*' expression  (32)
	expression : expression . '/' expression  (33)
	expression : expression . '-' expression  (34)
	expression : expression . '%' expression  (35)
	expression : expression . POTENTIAL expression  (36)
	expression : expression . DOUBLEEQUALS expression  (37)
	expression : expression . '>' expression  (38)
	expression : expression . GEQ expression  (39)
	expression : expression . '<' expression  (40)
	expression : expression . LEQ expression  (41)
	expression : expression . DIFFERENT expression  (42)
	expression : expression . AND expression  (43)
	expression : expression . OR expression  (44)
	expression : expression . '.' expression  (49)
	array : expression . '[' expression ']'  (78)

	'*'  shift 135
	'/'  shift 136
	'%'  shift 137
	POTENTIAL  shift 138
	'['  shift 139
	'.'  shift 140
	LEQ  reduce 31
	GEQ  reduce 31
	DOUBLEEQUALS  reduce 31
	DIFFERENT  reduce 31
	AND  reduce 31
	OR  reduce 31
	INC  reduce 31
	DEC  reduce 31
	DIVIDEEQUALS  reduce 31
	TIMESEQUALS  reduce 31
	MINUSEQUALS  reduce 31
	PLUSEQUALS  reduce 31
	'='  reduce 31
	'>'  reduce 31
	'<'  reduce 31
	'+'  reduce 31
	'-'  reduce 31
	']'  reduce 31
	')'  reduce 31
	','  reduce 31
	';'  reduce 31


state 171
	expression : expression . '+' expression  (31)
	expression : expression . '*' expression  (32)
	expression : expression . '/' expression  (33)
	expression : expression . '-' expression  (34)
	expression : expression '-' expression .  (34)
	expression : expression . '%' expression  (35)
	expression : expression . POTENTIAL expression  (36)
	expression : expression . DOUBLEEQUALS expression  (37)
	expression : expression . '>' expression  (38)
	expression : expression . GEQ expression  (39)
	expression : expression . '<' expression  (40)
	expression : expression . LEQ expression  (41)
	expression : expression . DIFFERENT expression  (42)
	expression : expression . AND expression  (43)
	expression : expression . OR expression  (44)
	expression : expression . '.' expression  (49)
	array : expression . '[' expression ']'  (78)

	'*'  shift 135
	'/'  shift 136
	'%'  shift 137
	POTENTIAL  shift 138
	'['  shift 139
	'.'  shift 140
	LEQ  reduce 34
	GEQ  reduce 34
	DOUBLEEQUALS  reduce 34
	DIFFERENT  reduce 34
	AND  reduce 34
	OR  reduce 34
	INC  reduce 34
	DEC  reduce 34
	DIVIDEEQUALS  reduce 34
	TIMESEQUALS  reduce 34
	MINUSEQUALS  reduce 34
	PLUSEQUALS  reduce 34
	'='  reduce 34
	'>'  reduce 34
	'<'  reduce 34
	'+'  reduce 34
	'-'  reduce 34
	']'  reduce 34
	')'  reduce 34
	','  reduce 34
	';'  reduce 34


state 172
	expression : expression . '+' expression  (31)
	expression : expression . '*' expression  (32)
	expression : expression '*' expression .  (32)
	expression : expression . '/' expression  (33)
	expression : expression . '-' expression  (34)
	expression : expression . '%' expression  (35)
	expression : expression . POTENTIAL expression  (36)
	expression : expression . DOUBLEEQUALS expression  (37)
	expression : expression . '>' expression  (38)
	expression : expression . GEQ expression  (39)
	expression : expression . '<' expression  (40)
	expression : expression . LEQ expression  (41)
	expression : expression . DIFFERENT expression  (42)
	expression : expression . AND expression  (43)
	expression : expression . OR expression  (44)
	expression : expression . '.' expression  (49)
	array : expression . '[' expression ']'  (78)

	POTENTIAL  shift 138
	'['  shift 139
	'.'  shift 140
	LEQ  reduce 32
	GEQ  reduce 32
	DOUBLEEQUALS  reduce 32
	DIFFERENT  reduce 32
	AND  reduce 32
	OR  reduce 32
	INC  reduce 32
	DEC  reduce 32
	DIVIDEEQUALS  reduce 32
	TIMESEQUALS  reduce 32
	MINUSEQUALS  reduce 32
	PLUSEQUALS  reduce 32
	'='  reduce 32
	'>'  reduce 32
	'<'  reduce 32
	'+'  reduce 32
	'-'  reduce 32
	'*'  reduce 32
	'/'  reduce 32
	'%'  reduce 32
	']'  reduce 32
	')'  reduce 32
	','  reduce 32
	';'  reduce 32


state 173
	expression : expression . '+' expression  (31)
	expression : expression . '*' expression  (32)
	expression : expression . '/' expression  (33)
	expression : expression '/' expression .  (33)
	expression : expression . '-' expression  (34)
	expression : expression . '%' expression  (35)
	expression : expression . POTENTIAL expression  (36)
	expression : expression . DOUBLEEQUALS expression  (37)
	expression : expression . '>' expression  (38)
	expression : expression . GEQ expression  (39)
	expression : expression . '<' expression  (40)
	expression : expression . LEQ expression  (41)
	expression : expression . DIFFERENT expression  (42)
	expression : expression . AND expression  (43)
	expression : expression . OR expression  (44)
	expression : expression . '.' expression  (49)
	array : expression . '[' expression ']'  (78)

	POTENTIAL  shift 138
	'['  shift 139
	'.'  shift 140
	LEQ  reduce 33
	GEQ  reduce 33
	DOUBLEEQUALS  reduce 33
	DIFFERENT  reduce 33
	AND  reduce 33
	OR  reduce 33
	INC  reduce 33
	DEC  reduce 33
	DIVIDEEQUALS  reduce 33
	TIMESEQUALS  reduce 33
	MINUSEQUALS  reduce 33
	PLUSEQUALS  reduce 33
	'='  reduce 33
	'>'  reduce 33
	'<'  reduce 33
	'+'  reduce 33
	'-'  reduce 33
	'*'  reduce 33
	'/'  reduce 33
	'%'  reduce 33
	']'  reduce 33
	')'  reduce 33
	','  reduce 33
	';'  reduce 33


state 174
	expression : expression . '+' expression  (31)
	expression : expression . '*' expression  (32)
	expression : expression . '/' expression  (33)
	expression : expression . '-' expression  (34)
	expression : expression . '%' expression  (35)
	expression : expression '%' expression .  (35)
	expression : expression . POTENTIAL expression  (36)
	expression : expression . DOUBLEEQUALS expression  (37)
	expression : expression . '>' expression  (38)
	expression : expression . GEQ expression  (39)
	expression : expression . '<' expression  (40)
	expression : expression . LEQ expression  (41)
	expression : expression . DIFFERENT expression  (42)
	expression : expression . AND expression  (43)
	expression : expression . OR expression  (44)
	expression : expression . '.' expression  (49)
	array : expression . '[' expression ']'  (78)

	POTENTIAL  shift 138
	'['  shift 139
	'.'  shift 140
	LEQ  reduce 35
	GEQ  reduce 35
	DOUBLEEQUALS  reduce 35
	DIFFERENT  reduce 35
	AND  reduce 35
	OR  reduce 35
	INC  reduce 35
	DEC  reduce 35
	DIVIDEEQUALS  reduce 35
	TIMESEQUALS  reduce 35
	MINUSEQUALS  reduce 35
	PLUSEQUALS  reduce 35
	'='  reduce 35
	'>'  reduce 35
	'<'  reduce 35
	'+'  reduce 35
	'-'  reduce 35
	'*'  reduce 35
	'/'  reduce 35
	'%'  reduce 35
	']'  reduce 35
	')'  reduce 35
	','  reduce 35
	';'  reduce 35


state 175
	expression : expression . '+' expression  (31)
	expression : expression . '*' expression  (32)
	expression : expression . '/' expression  (33)
	expression : expression . '-' expression  (34)
	expression : expression . '%' expression  (35)
	expression : expression . POTENTIAL expression  (36)
	expression : expression POTENTIAL expression .  (36)
	expression : expression . DOUBLEEQUALS expression  (37)
	expression : expression . '>' expression  (38)
	expression : expression . GEQ expression  (39)
	expression : expression . '<' expression  (40)
	expression : expression . LEQ expression  (41)
	expression : expression . DIFFERENT expression  (42)
	expression : expression . AND expression  (43)
	expression : expression . OR expression  (44)
	expression : expression . '.' expression  (49)
	array : expression . '[' expression ']'  (78)

	'['  shift 139
	'.'  shift 140
	LEQ  reduce 36
	GEQ  reduce 36
	DOUBLEEQUALS  reduce 36
	DIFFERENT  reduce 36
	AND  reduce 36
	OR  reduce 36
	INC  reduce 36
	DEC  reduce 36
	DIVIDEEQUALS  reduce 36
	TIMESEQUALS  reduce 36
	MINUSEQUALS  reduce 36
	PLUSEQUALS  reduce 36
	'='  reduce 36
	'>'  reduce 36
	'<'  reduce 36
	'+'  reduce 36
	'-'  reduce 36
	'*'  reduce 36
	'/'  reduce 36
	'%'  reduce 36
	POTENTIAL  reduce 36
	']'  reduce 36
	')'  reduce 36
	','  reduce 36
	';'  reduce 36


state 176
	expression : expression . '+' expression  (31)
	expression : expression . '*' expression  (32)
	expression : expression . '/' expression  (33)
	expression : expression . '-' expression  (34)
	expression : expression . '%' expression  (35)
	expression : expression . POTENTIAL expression  (36)
	expression : expression . DOUBLEEQUALS expression  (37)
	expression : expression . '>' expression  (38)
	expression : expression . GEQ expression  (39)
	expression : expression . '<' expression  (40)
	expression : expression . LEQ expression  (41)
	expression : expression . DIFFERENT expression  (42)
	expression : expression . AND expression  (43)
	expression : expression . OR expression  (44)
	expression : expression . '.' expression  (49)
	array : expression . '[' expression ']'  (78)
	array : expression '[' expression . ']'  (78)

	LEQ  shift 118
	GEQ  shift 119
	DOUBLEEQUALS  shift 120
	DIFFERENT  shift 121
	AND  shift 122
	OR  shift 123
	'>'  shift 131
	'<'  shift 132
	'+'  shift 133
	'-'  shift 134
	'*'  shift 135
	'/'  shift 136
	'%'  shift 137
	POTENTIAL  shift 138
	'['  shift 139
	']'  shift 186
	'.'  shift 140
	.  error


state 177
	expression : expression . '+' expression  (31)
	expression : expression . '*' expression  (32)
	expression : expression . '/' expression  (33)
	expression : expression . '-' expression  (34)
	expression : expression . '%' expression  (35)
	expression : expression . POTENTIAL expression  (36)
	expression : expression . DOUBLEEQUALS expression  (37)
	expression : expression . '>' expression  (38)
	expression : expression . GEQ expression  (39)
	expression : expression . '<' expression  (40)
	expression : expression . LEQ expression  (41)
	expression : expression . DIFFERENT expression  (42)
	expression : expression . AND expression  (43)
	expression : expression . OR expression  (44)
	expression : expression . '.' expression  (49)
	expression : expression '.' expression .  (49)
	array : expression . '[' expression ']'  (78)

	.  reduce 49


state 178
	function_invocation : ID '(' listOfExpressions ')' .  (8)

	.  reduce 8


state 179
	expression : expression . '+' expression  (31)
	expression : expression . '*' expression  (32)
	expression : expression . '/' expression  (33)
	expression : expression . '-' expression  (34)
	expression : expression . '%' expression  (35)
	expression : expression . POTENTIAL expression  (36)
	expression : expression . DOUBLEEQUALS expression  (37)
	expression : expression . '>' expression  (38)
	expression : expression . GEQ expression  (39)
	expression : expression . '<' expression  (40)
	expression : expression . LEQ expression  (41)
	expression : expression . DIFFERENT expression  (42)
	expression : expression . AND expression  (43)
	expression : expression . OR expression  (44)
	expression : expression . '.' expression  (49)
	listOfExpressions : listOfExpressions ',' expression .  (71)
	array : expression . '[' expression ']'  (78)

	LEQ  shift 118
	GEQ  shift 119
	DOUBLEEQUALS  shift 120
	DIFFERENT  shift 121
	AND  shift 122
	OR  shift 123
	'>'  shift 131
	'<'  shift 132
	'+'  shift 133
	'-'  shift 134
	'*'  shift 135
	'/'  shift 136
	'%'  shift 137
	POTENTIAL  shift 138
	'['  shift 139
	'.'  shift 140
	')'  reduce 71
	','  reduce 71
	';'  reduce 71


state 180
	if_else : IF '(' expression ')' . body ELSE body  (63)
	if_else : IF '(' expression ')' . body  (64)
	increment : .  (56)

	INT_CONSTANT  shift 73
	CHAR_CONSTANT  shift 74
	REAL_CONSTANT  shift 75
	ID  shift 76
	WRITE  shift 77
	READ  shift 78
	IF  shift 79
	WHILE  shift 80
	RETURN  shift 81
	FOR  shift 82
	DO  shift 83
	'!'  shift 84
	'-'  shift 85
	'('  shift 86
	'{'  shift 111
	';'  reduce 56

	function_invocation  goto 87
	statement  goto 112
	expression  goto 89
	read  goto 90
	increment  goto 91
	write  goto 92
	assignment  goto 93
	if_else  goto 94
	while  goto 95
	for  goto 96
	do_while  goto 97
	return  goto 98
	cast  goto 99
	array  goto 100
	body  goto 187


state 181
	while : WHILE '(' expression ')' . body  (67)
	increment : .  (56)

	INT_CONSTANT  shift 73
	CHAR_CONSTANT  shift 74
	REAL_CONSTANT  shift 75
	ID  shift 76
	WRITE  shift 77
	READ  shift 78
	IF  shift 79
	WHILE  shift 80
	RETURN  shift 81
	FOR  shift 82
	DO  shift 83
	'!'  shift 84
	'-'  shift 85
	'('  shift 86
	'{'  shift 111
	';'  reduce 56

	function_invocation  goto 87
	statement  goto 112
	expression  goto 89
	read  goto 90
	increment  goto 91
	write  goto 92
	assignment  goto 93
	if_else  goto 94
	while  goto 95
	for  goto 96
	do_while  goto 97
	return  goto 98
	cast  goto 99
	array  goto 100
	body  goto 188


state 182
	expression : expression . '+' expression  (31)
	expression : expression . '*' expression  (32)
	expression : expression . '/' expression  (33)
	expression : expression . '-' expression  (34)
	expression : expression . '%' expression  (35)
	expression : expression . POTENTIAL expression  (36)
	expression : expression . DOUBLEEQUALS expression  (37)
	expression : expression . '>' expression  (38)
	expression : expression . GEQ expression  (39)
	expression : expression . '<' expression  (40)
	expression : expression . LEQ expression  (41)
	expression : expression . DIFFERENT expression  (42)
	expression : expression . AND expression  (43)
	expression : expression . OR expression  (44)
	expression : expression . '.' expression  (49)
	for : FOR '(' statement expression . ';' increment ')' body  (69)
	array : expression . '[' expression ']'  (78)

	LEQ  shift 118
	GEQ  shift 119
	DOUBLEEQUALS  shift 120
	DIFFERENT  shift 121
	AND  shift 122
	OR  shift 123
	'>'  shift 131
	'<'  shift 132
	'+'  shift 133
	'-'  shift 134
	'*'  shift 135
	'/'  shift 136
	'%'  shift 137
	POTENTIAL  shift 138
	'['  shift 139
	'.'  shift 140
	';'  shift 189
	.  error


state 183
	body : '{' listOfStatements '}' .  (65)

	.  reduce 65


state 184
	do_while : DO body WHILE '(' . expression ')'  (68)

	INT_CONSTANT  shift 73
	CHAR_CONSTANT  shift 74
	REAL_CONSTANT  shift 75
	ID  shift 76
	'!'  shift 84
	'-'  shift 85
	'('  shift 86
	.  error

	function_invocation  goto 87
	expression  goto 190
	cast  goto 99
	array  goto 100


state 185
	expression : expression . '+' expression  (31)
	expression : expression . '*' expression  (32)
	expression : expression . '/' expression  (33)
	expression : expression . '-' expression  (34)
	expression : expression . '%' expression  (35)
	expression : expression . POTENTIAL expression  (36)
	expression : expression . DOUBLEEQUALS expression  (37)
	expression : expression . '>' expression  (38)
	expression : expression . GEQ expression  (39)
	expression : expression . '<' expression  (40)
	expression : expression . LEQ expression  (41)
	expression : expression . DIFFERENT expression  (42)
	expression : expression . AND expression  (43)
	expression : expression . OR expression  (44)
	expression : expression . '.' expression  (49)
	cast : '(' built_in_type ')' expression .  (70)
	array : expression . '[' expression ']'  (78)

	'['  shift 139
	'.'  shift 140
	LEQ  reduce 70
	GEQ  reduce 70
	DOUBLEEQUALS  reduce 70
	DIFFERENT  reduce 70
	AND  reduce 70
	OR  reduce 70
	INC  reduce 70
	DEC  reduce 70
	DIVIDEEQUALS  reduce 70
	TIMESEQUALS  reduce 70
	MINUSEQUALS  reduce 70
	PLUSEQUALS  reduce 70
	'='  reduce 70
	'>'  reduce 70
	'<'  reduce 70
	'+'  reduce 70
	'-'  reduce 70
	'*'  reduce 70
	'/'  reduce 70
	'%'  reduce 70
	POTENTIAL  reduce 70
	']'  reduce 70
	')'  reduce 70
	','  reduce 70
	';'  reduce 70


state 186
	array : expression '[' expression ']' .  (78)

	.  reduce 78


state 187
	if_else : IF '(' expression ')' body . ELSE body  (63)
	if_else : IF '(' expression ')' body .  (64)

	ELSE  shift 191
	INT_CONSTANT  reduce 64
	CHAR_CONSTANT  reduce 64
	REAL_CONSTANT  reduce 64
	ID  reduce 64
	WRITE  reduce 64
	READ  reduce 64
	IF  reduce 64
	WHILE  reduce 64
	RETURN  reduce 64
	FOR  reduce 64
	DO  reduce 64
	'!'  reduce 64
	'-'  reduce 64
	'('  reduce 64
	'}'  reduce 64
	';'  reduce 64


state 188
	while : WHILE '(' expression ')' body .  (67)

	.  reduce 67


state 189
	for : FOR '(' statement expression ';' . increment ')' body  (69)
	increment : .  (56)

	INT_CONSTANT  shift 73
	CHAR_CONSTANT  shift 74
	REAL_CONSTANT  shift 75
	ID  shift 76
	'!'  shift 84
	'-'  shift 85
	'('  shift 86
	')'  reduce 56

	function_invocation  goto 87
	expression  goto 192
	increment  goto 193
	cast  goto 99
	array  goto 100


state 190
	expression : expression . '+' expression  (31)
	expression : expression . '*' expression  (32)
	expression : expression . '/' expression  (33)
	expression : expression . '-' expression  (34)
	expression : expression . '%' expression  (35)
	expression : expression . POTENTIAL expression  (36)
	expression : expression . DOUBLEEQUALS expression  (37)
	expression : expression . '>' expression  (38)
	expression : expression . GEQ expression  (39)
	expression : expression . '<' expression  (40)
	expression : expression . LEQ expression  (41)
	expression : expression . DIFFERENT expression  (42)
	expression : expression . AND expression  (43)
	expression : expression . OR expression  (44)
	expression : expression . '.' expression  (49)
	do_while : DO body WHILE '(' expression . ')'  (68)
	array : expression . '[' expression ']'  (78)

	LEQ  shift 118
	GEQ  shift 119
	DOUBLEEQUALS  shift 120
	DIFFERENT  shift 121
	AND  shift 122
	OR  shift 123
	'>'  shift 131
	'<'  shift 132
	'+'  shift 133
	'-'  shift 134
	'*'  shift 135
	'/'  shift 136
	'%'  shift 137
	POTENTIAL  shift 138
	'['  shift 139
	'.'  shift 140
	')'  shift 194
	.  error


state 191
	if_else : IF '(' expression ')' body ELSE . body  (63)
	increment : .  (56)

	INT_CONSTANT  shift 73
	CHAR_CONSTANT  shift 74
	REAL_CONSTANT  shift 75
	ID  shift 76
	WRITE  shift 77
	READ  shift 78
	IF  shift 79
	WHILE  shift 80
	RETURN  shift 81
	FOR  shift 82
	DO  shift 83
	'!'  shift 84
	'-'  shift 85
	'('  shift 86
	'{'  shift 111
	';'  reduce 56

	function_invocation  goto 87
	statement  goto 112
	expression  goto 89
	read  goto 90
	increment  goto 91
	write  goto 92
	assignment  goto 93
	if_else  goto 94
	while  goto 95
	for  goto 96
	do_while  goto 97
	return  goto 98
	cast  goto 99
	array  goto 100
	body  goto 195


state 192
	expression : expression . '+' expression  (31)
	expression : expression . '*' expression  (32)
	expression : expression . '/' expression  (33)
	expression : expression . '-' expression  (34)
	expression : expression . '%' expression  (35)
	expression : expression . POTENTIAL expression  (36)
	expression : expression . DOUBLEEQUALS expression  (37)
	expression : expression . '>' expression  (38)
	expression : expression . GEQ expression  (39)
	expression : expression . '<' expression  (40)
	expression : expression . LEQ expression  (41)
	expression : expression . DIFFERENT expression  (42)
	expression : expression . AND expression  (43)
	expression : expression . OR expression  (44)
	expression : expression . '.' expression  (49)
	increment : expression . INC  (57)
	increment : expression . DEC  (58)
	increment : expression . PLUSEQUALS expression  (59)
	increment : expression . MINUSEQUALS expression  (60)
	increment : expression . TIMESEQUALS expression  (61)
	increment : expression . DIVIDEEQUALS expression  (62)
	array : expression . '[' expression ']'  (78)

	LEQ  shift 118
	GEQ  shift 119
	DOUBLEEQUALS  shift 120
	DIFFERENT  shift 121
	AND  shift 122
	OR  shift 123
	INC  shift 124
	DEC  shift 125
	DIVIDEEQUALS  shift 126
	TIMESEQUALS  shift 127
	MINUSEQUALS  shift 128
	PLUSEQUALS  shift 129
	'>'  shift 131
	'<'  shift 132
	'+'  shift 133
	'-'  shift 134
	'*'  shift 135
	'/'  shift 136
	'%'  shift 137
	POTENTIAL  shift 138
	'['  shift 139
	'.'  shift 140
	.  error


state 193
	for : FOR '(' statement expression ';' increment . ')' body  (69)

	')'  shift 196
	.  error


state 194
	do_while : DO body WHILE '(' expression ')' .  (68)

	.  reduce 68


state 195
	if_else : IF '(' expression ')' body ELSE body .  (63)

	.  reduce 63


state 196
	for : FOR '(' statement expression ';' increment ')' . body  (69)
	increment : .  (56)

	INT_CONSTANT  shift 73
	CHAR_CONSTANT  shift 74
	REAL_CONSTANT  shift 75
	ID  shift 76
	WRITE  shift 77
	READ  shift 78
	IF  shift 79
	WHILE  shift 80
	RETURN  shift 81
	FOR  shift 82
	DO  shift 83
	'!'  shift 84
	'-'  shift 85
	'('  shift 86
	'{'  shift 111
	';'  reduce 56

	function_invocation  goto 87
	statement  goto 112
	expression  goto 89
	read  goto 90
	increment  goto 91
	write  goto 92
	assignment  goto 93
	if_else  goto 94
	while  goto 95
	for  goto 96
	do_while  goto 97
	return  goto 98
	cast  goto 99
	array  goto 100
	body  goto 197


state 197
	for : FOR '(' statement expression ';' increment ')' body .  (69)

	.  reduce 69


54 terminals, 34 nonterminals
92 grammar rules, 198 states
